#
# There is insufficient memory for the Java Runtime Environment to continue.
# Native memory allocation (malloc) failed to allocate 1020816 bytes. Error detail: Chunk::new
# Possible reasons:
#   The system is out of physical RAM or swap space
#   This process is running with CompressedOops enabled, and the Java Heap may be blocking the growth of the native heap
# Possible solutions:
#   Reduce memory load on the system
#   Increase physical memory or swap space
#   Check if swap backing store is full
#   Decrease Java heap size (-Xmx/-Xms)
#   Decrease number of Java threads
#   Decrease Java thread stack sizes (-Xss)
#   Set larger code cache with -XX:ReservedCodeCacheSize=
#   JVM is running with Unscaled Compressed Oops mode in which the Java heap is
#     placed in the first 4GB address space. The Java Heap base address is the
#     maximum limit for the native heap growth. Please use -XX:HeapBaseMinAddress
#     to set the Java Heap base and to place the Java Heap above 4GB virtual address.
# This output file may be truncated or incomplete.
#
#  Out of Memory Error (arena.cpp:168), pid=5840, tid=7100
#
# JRE version: OpenJDK Runtime Environment Temurin-21.0.7+6 (21.0.7+6) (build 21.0.7+6-LTS)
# Java VM: OpenJDK 64-Bit Server VM Temurin-21.0.7+6 (21.0.7+6-LTS, mixed mode, sharing, tiered, compressed oops, compressed class ptrs, g1 gc, windows-amd64)
# No core dump will be written. Minidumps are not enabled by default on client versions of Windows
#

---------------  S U M M A R Y ------------

Command Line: org.jetbrains.kotlin.cli.jvm.K2JVMCompiler @D:\BodaGo-Apps\CustomerApp\node_modules\react-native-screens\android\build\20250807_16195649853263358855.compiler.options

Host: AMD A9-9425 RADEON R5, 5 COMPUTE CORES 2C+3G   , 2 cores, 3G,  Windows 11 , 64 bit Build 22000 (10.0.22000.2538)
Time: Thu Aug  7 12:49:26 2025 E. Africa Standard Time elapsed time: 877.159164 seconds (0d 0h 14m 37s)

---------------  T H R E A D  ---------------

Current thread (0x000002b34048cd20):  JavaThread "C2 CompilerThread0" daemon [_thread_in_native, id=7100, stack(0x000000e4dad00000,0x000000e4dae00000) (1024K)]


Current CompileTask:
C2:877159 20319       4       org.jetbrains.kotlin.types.AbstractTypeApproximator::approximateToSuperType (246 bytes)

Stack: [0x000000e4dad00000,0x000000e4dae00000]
Native frames: (J=compiled Java code, j=interpreted, Vv=VM code, C=native code)
V  [jvm.dll+0x6ce119]
V  [jvm.dll+0x8a84a1]
V  [jvm.dll+0x8aa9ce]
V  [jvm.dll+0x8ab0b3]
V  [jvm.dll+0x27f8a6]
V  [jvm.dll+0xc507d]
V  [jvm.dll+0xc55b3]
V  [jvm.dll+0x3b692c]
V  [jvm.dll+0x382aa5]
V  [jvm.dll+0x381f0a]
V  [jvm.dll+0x247af0]
V  [jvm.dll+0x2470cf]
V  [jvm.dll+0x1c760e]
V  [jvm.dll+0x25695a]
V  [jvm.dll+0x254efa]
V  [jvm.dll+0x3f03f6]
V  [jvm.dll+0x851f6b]
V  [jvm.dll+0x6cc7dd]
C  [ucrtbase.dll+0x26c0c]
C  [KERNEL32.DLL+0x153e0]
C  [ntdll.dll+0x485b]


---------------  P R O C E S S  ---------------

Threads class SMR info:
_java_thread_list=0x000002b3a0030f70, length=11, elements={
0x000002b33e289fd0, 0x000002b340485a90, 0x000002b340489660, 0x000002b34048a0b0,
0x000002b34048ab00, 0x000002b34048b550, 0x000002b34048bfa0, 0x000002b34048cd20,
0x000002b35adf9580, 0x000002b3a00589a0, 0x000002b3a005b010
}

Java Threads: ( => current thread )
  0x000002b33e289fd0 JavaThread "main"                              [_thread_in_Java, id=6872, stack(0x000000e4d9e00000,0x000000e4d9f00000) (1024K)]
  0x000002b340485a90 JavaThread "Reference Handler"          daemon [_thread_blocked, id=2956, stack(0x000000e4da700000,0x000000e4da800000) (1024K)]
  0x000002b340489660 JavaThread "Finalizer"                  daemon [_thread_blocked, id=7284, stack(0x000000e4da800000,0x000000e4da900000) (1024K)]
  0x000002b34048a0b0 JavaThread "Signal Dispatcher"          daemon [_thread_blocked, id=6128, stack(0x000000e4da900000,0x000000e4daa00000) (1024K)]
  0x000002b34048ab00 JavaThread "Attach Listener"            daemon [_thread_blocked, id=1984, stack(0x000000e4daa00000,0x000000e4dab00000) (1024K)]
  0x000002b34048b550 JavaThread "Service Thread"             daemon [_thread_blocked, id=8340, stack(0x000000e4dab00000,0x000000e4dac00000) (1024K)]
  0x000002b34048bfa0 JavaThread "Monitor Deflation Thread"   daemon [_thread_blocked, id=5048, stack(0x000000e4dac00000,0x000000e4dad00000) (1024K)]
=>0x000002b34048cd20 JavaThread "C2 CompilerThread0"         daemon [_thread_in_native, id=7100, stack(0x000000e4dad00000,0x000000e4dae00000) (1024K)]
  0x000002b35adf9580 JavaThread "C1 CompilerThread0"         daemon [_thread_blocked, id=4912, stack(0x000000e4dae00000,0x000000e4daf00000) (1024K)]
  0x000002b3a00589a0 JavaThread "Notification Thread"        daemon [_thread_blocked, id=7116, stack(0x000000e4daf00000,0x000000e4db000000) (1024K)]
  0x000002b3a005b010 JavaThread "Common-Cleaner"             daemon [_thread_blocked, id=5132, stack(0x000000e4db000000,0x000000e4db100000) (1024K)]
Total: 11

Other Threads:
  0x000002b34046fa90 VMThread "VM Thread"                           [id=5712, stack(0x000000e4da600000,0x000000e4da700000) (1024K)]
  0x000002b34045c240 WatcherThread "VM Periodic Task Thread"        [id=884, stack(0x000000e4da500000,0x000000e4da600000) (1024K)]
  0x000002b33e28ebd0 WorkerThread "GC Thread#0"                     [id=9092, stack(0x000000e4da000000,0x000000e4da100000) (1024K)]
  0x000002b35adc4340 WorkerThread "GC Thread#1"                     [id=8856, stack(0x000000e4db100000,0x000000e4db200000) (1024K)]
  0x000002b3403f8710 ConcurrentGCThread "G1 Main Marker"            [id=4136, stack(0x000000e4da100000,0x000000e4da200000) (1024K)]
  0x000002b3403f9210 WorkerThread "G1 Conc#0"                       [id=7152, stack(0x000000e4da200000,0x000000e4da300000) (1024K)]
  0x000002b34044a7b0 ConcurrentGCThread "G1 Refine#0"               [id=1612, stack(0x000000e4da300000,0x000000e4da400000) (1024K)]
  0x000002b34044b320 ConcurrentGCThread "G1 Service"                [id=4256, stack(0x000000e4da400000,0x000000e4da500000) (1024K)]
Total: 8

Threads with active compile tasks:
C2 CompilerThread0  877255 20319       4       org.jetbrains.kotlin.types.AbstractTypeApproximator::approximateToSuperType (246 bytes)
Total: 1

VM state: not at safepoint (normal execution)

VM Mutex/Monitor currently owned by a thread: None

Heap address: 0x00000000c1c00000, size: 996 MB, Compressed Oops mode: 32-bit

CDS archive(s) mapped at: [0x000002b35b000000-0x000002b35bc80000-0x000002b35bc80000), size 13107200, SharedBaseAddress: 0x000002b35b000000, ArchiveRelocationMode: 1.
Compressed class space mapped at: 0x000002b35c000000-0x000002b39c000000, reserved size: 1073741824
Narrow klass base: 0x000002b35b000000, Narrow klass shift: 0, Narrow klass range: 0x100000000

GC Precious Log:
 CardTable entry size: 512
 Card Set container configuration: InlinePtr #cards 5 size 8 Array Of Cards #cards 12 size 40 Howl #buckets 4 coarsen threshold 1843 Howl Bitmap #cards 512 size 80 coarsen threshold 460 Card regions per heap region 1 cards per card region 2048
 CPUs: 2 total, 2 available
 Memory: 3983M
 Large Page Support: Disabled
 NUMA Support: Disabled
 Compressed Oops: Enabled (32-bit)
 Heap Region Size: 1M
 Heap Min Capacity: 8M
 Heap Initial Capacity: 64M
 Heap Max Capacity: 996M
 Pre-touch: Disabled
 Parallel Workers: 2
 Concurrent Workers: 1
 Concurrent Refinement Workers: 2
 Periodic GC: Disabled

Heap:
 garbage-first heap   total 283648K, used 215794K [0x00000000c1c00000, 0x0000000100000000)
  region size 1024K, 43 young (44032K), 1 survivors (1024K)
 Metaspace       used 84421K, committed 84864K, reserved 1179648K
  class space    used 8573K, committed 8768K, reserved 1048576K

Heap Regions: E=young(eden), S=young(survivor), O=old, HS=humongous(starts), HC=humongous(continues), CS=collection set, F=free, TAMS=top-at-mark-start, PB=parsable bottom
|   0|0x00000000c1c00000, 0x00000000c1d00000, 0x00000000c1d00000|100%|HS|  |TAMS 0x00000000c1c00000| PB 0x00000000c1c00000| Complete 
|   1|0x00000000c1d00000, 0x00000000c1e00000, 0x00000000c1e00000|100%|HC|  |TAMS 0x00000000c1d00000| PB 0x00000000c1d00000| Complete 
|   2|0x00000000c1e00000, 0x00000000c1f00000, 0x00000000c1f00000|100%|HC|  |TAMS 0x00000000c1e00000| PB 0x00000000c1e00000| Complete 
|   3|0x00000000c1f00000, 0x00000000c2000000, 0x00000000c2000000|100%| O|  |TAMS 0x00000000c1f00000| PB 0x00000000c1f00000| Untracked 
|   4|0x00000000c2000000, 0x00000000c2100000, 0x00000000c2100000|100%| O|  |TAMS 0x00000000c2000000| PB 0x00000000c2000000| Untracked 
|   5|0x00000000c2100000, 0x00000000c2200000, 0x00000000c2200000|100%| O|  |TAMS 0x00000000c2100000| PB 0x00000000c2100000| Untracked 
|   6|0x00000000c2200000, 0x00000000c2300000, 0x00000000c2300000|100%| O|  |TAMS 0x00000000c2200000| PB 0x00000000c2200000| Untracked 
|   7|0x00000000c2300000, 0x00000000c2400000, 0x00000000c2400000|100%| O|  |TAMS 0x00000000c2300000| PB 0x00000000c2300000| Untracked 
|   8|0x00000000c2400000, 0x00000000c2500000, 0x00000000c2500000|100%| O|  |TAMS 0x00000000c2400000| PB 0x00000000c2400000| Untracked 
|   9|0x00000000c2500000, 0x00000000c2600000, 0x00000000c2600000|100%| O|  |TAMS 0x00000000c2500000| PB 0x00000000c2500000| Untracked 
|  10|0x00000000c2600000, 0x00000000c2700000, 0x00000000c2700000|100%| O|  |TAMS 0x00000000c2600000| PB 0x00000000c2600000| Untracked 
|  11|0x00000000c2700000, 0x00000000c2800000, 0x00000000c2800000|100%| O|  |TAMS 0x00000000c2700000| PB 0x00000000c2700000| Untracked 
|  12|0x00000000c2800000, 0x00000000c2900000, 0x00000000c2900000|100%| O|  |TAMS 0x00000000c2800000| PB 0x00000000c2800000| Untracked 
|  13|0x00000000c2900000, 0x00000000c2a00000, 0x00000000c2a00000|100%| O|  |TAMS 0x00000000c2900000| PB 0x00000000c2900000| Untracked 
|  14|0x00000000c2a00000, 0x00000000c2b00000, 0x00000000c2b00000|100%| O|  |TAMS 0x00000000c2a00000| PB 0x00000000c2a00000| Untracked 
|  15|0x00000000c2b00000, 0x00000000c2c00000, 0x00000000c2c00000|100%| O|  |TAMS 0x00000000c2b00000| PB 0x00000000c2b00000| Untracked 
|  16|0x00000000c2c00000, 0x00000000c2d00000, 0x00000000c2d00000|100%| O|  |TAMS 0x00000000c2c00000| PB 0x00000000c2c00000| Untracked 
|  17|0x00000000c2d00000, 0x00000000c2e00000, 0x00000000c2e00000|100%| O|  |TAMS 0x00000000c2d00000| PB 0x00000000c2d00000| Untracked 
|  18|0x00000000c2e00000, 0x00000000c2f00000, 0x00000000c2f00000|100%| O|  |TAMS 0x00000000c2e00000| PB 0x00000000c2e00000| Untracked 
|  19|0x00000000c2f00000, 0x00000000c3000000, 0x00000000c3000000|100%| O|  |TAMS 0x00000000c2f00000| PB 0x00000000c2f00000| Untracked 
|  20|0x00000000c3000000, 0x00000000c3100000, 0x00000000c3100000|100%| O|  |TAMS 0x00000000c3000000| PB 0x00000000c3000000| Untracked 
|  21|0x00000000c3100000, 0x00000000c3200000, 0x00000000c3200000|100%| O|  |TAMS 0x00000000c3100000| PB 0x00000000c3100000| Untracked 
|  22|0x00000000c3200000, 0x00000000c3300000, 0x00000000c3300000|100%| O|  |TAMS 0x00000000c3200000| PB 0x00000000c3200000| Untracked 
|  23|0x00000000c3300000, 0x00000000c3400000, 0x00000000c3400000|100%| O|  |TAMS 0x00000000c3300000| PB 0x00000000c3300000| Untracked 
|  24|0x00000000c3400000, 0x00000000c3500000, 0x00000000c3500000|100%| O|  |TAMS 0x00000000c3400000| PB 0x00000000c3400000| Untracked 
|  25|0x00000000c3500000, 0x00000000c3600000, 0x00000000c3600000|100%| O|  |TAMS 0x00000000c3500000| PB 0x00000000c3500000| Untracked 
|  26|0x00000000c3600000, 0x00000000c3700000, 0x00000000c3700000|100%| O|  |TAMS 0x00000000c3600000| PB 0x00000000c3600000| Untracked 
|  27|0x00000000c3700000, 0x00000000c3800000, 0x00000000c3800000|100%| O|  |TAMS 0x00000000c3700000| PB 0x00000000c3700000| Untracked 
|  28|0x00000000c3800000, 0x00000000c3900000, 0x00000000c3900000|100%| O|  |TAMS 0x00000000c3800000| PB 0x00000000c3800000| Untracked 
|  29|0x00000000c3900000, 0x00000000c3a00000, 0x00000000c3a00000|100%| O|  |TAMS 0x00000000c3900000| PB 0x00000000c3900000| Untracked 
|  30|0x00000000c3a00000, 0x00000000c3b00000, 0x00000000c3b00000|100%| O|  |TAMS 0x00000000c3a00000| PB 0x00000000c3a00000| Untracked 
|  31|0x00000000c3b00000, 0x00000000c3c00000, 0x00000000c3c00000|100%| O|  |TAMS 0x00000000c3b00000| PB 0x00000000c3b00000| Untracked 
|  32|0x00000000c3c00000, 0x00000000c3d00000, 0x00000000c3d00000|100%| O|  |TAMS 0x00000000c3c00000| PB 0x00000000c3c00000| Untracked 
|  33|0x00000000c3d00000, 0x00000000c3e00000, 0x00000000c3e00000|100%| O|  |TAMS 0x00000000c3d00000| PB 0x00000000c3d00000| Untracked 
|  34|0x00000000c3e00000, 0x00000000c3f00000, 0x00000000c3f00000|100%| O|  |TAMS 0x00000000c3e00000| PB 0x00000000c3e00000| Untracked 
|  35|0x00000000c3f00000, 0x00000000c4000000, 0x00000000c4000000|100%| O|  |TAMS 0x00000000c3f00000| PB 0x00000000c3f00000| Untracked 
|  36|0x00000000c4000000, 0x00000000c4100000, 0x00000000c4100000|100%| O|  |TAMS 0x00000000c4000000| PB 0x00000000c4000000| Untracked 
|  37|0x00000000c4100000, 0x00000000c4200000, 0x00000000c4200000|100%| O|  |TAMS 0x00000000c4100000| PB 0x00000000c4100000| Untracked 
|  38|0x00000000c4200000, 0x00000000c4300000, 0x00000000c4300000|100%| O|  |TAMS 0x00000000c4200000| PB 0x00000000c4200000| Untracked 
|  39|0x00000000c4300000, 0x00000000c4400000, 0x00000000c4400000|100%| O|  |TAMS 0x00000000c4300000| PB 0x00000000c4300000| Untracked 
|  40|0x00000000c4400000, 0x00000000c4500000, 0x00000000c4500000|100%| O|  |TAMS 0x00000000c4400000| PB 0x00000000c4400000| Untracked 
|  41|0x00000000c4500000, 0x00000000c4600000, 0x00000000c4600000|100%| O|  |TAMS 0x00000000c4500000| PB 0x00000000c4500000| Untracked 
|  42|0x00000000c4600000, 0x00000000c4700000, 0x00000000c4700000|100%| O|  |TAMS 0x00000000c4600000| PB 0x00000000c4600000| Untracked 
|  43|0x00000000c4700000, 0x00000000c4800000, 0x00000000c4800000|100%| O|  |TAMS 0x00000000c4700000| PB 0x00000000c4700000| Untracked 
|  44|0x00000000c4800000, 0x00000000c4900000, 0x00000000c4900000|100%| O|  |TAMS 0x00000000c4800000| PB 0x00000000c4800000| Untracked 
|  45|0x00000000c4900000, 0x00000000c4a00000, 0x00000000c4a00000|100%| O|  |TAMS 0x00000000c4900000| PB 0x00000000c4900000| Untracked 
|  46|0x00000000c4a00000, 0x00000000c4b00000, 0x00000000c4b00000|100%| O|  |TAMS 0x00000000c4a00000| PB 0x00000000c4a00000| Untracked 
|  47|0x00000000c4b00000, 0x00000000c4c00000, 0x00000000c4c00000|100%| O|  |TAMS 0x00000000c4b00000| PB 0x00000000c4b00000| Untracked 
|  48|0x00000000c4c00000, 0x00000000c4d00000, 0x00000000c4d00000|100%| O|  |TAMS 0x00000000c4c00000| PB 0x00000000c4c00000| Untracked 
|  49|0x00000000c4d00000, 0x00000000c4e00000, 0x00000000c4e00000|100%| O|  |TAMS 0x00000000c4d00000| PB 0x00000000c4d00000| Untracked 
|  50|0x00000000c4e00000, 0x00000000c4f00000, 0x00000000c4f00000|100%| O|  |TAMS 0x00000000c4e00000| PB 0x00000000c4e00000| Untracked 
|  51|0x00000000c4f00000, 0x00000000c5000000, 0x00000000c5000000|100%| O|  |TAMS 0x00000000c4f00000| PB 0x00000000c4f00000| Untracked 
|  52|0x00000000c5000000, 0x00000000c5100000, 0x00000000c5100000|100%| O|  |TAMS 0x00000000c5000000| PB 0x00000000c5000000| Untracked 
|  53|0x00000000c5100000, 0x00000000c5200000, 0x00000000c5200000|100%| O|  |TAMS 0x00000000c5100000| PB 0x00000000c5100000| Untracked 
|  54|0x00000000c5200000, 0x00000000c5300000, 0x00000000c5300000|100%| O|  |TAMS 0x00000000c5200000| PB 0x00000000c5200000| Untracked 
|  55|0x00000000c5300000, 0x00000000c5400000, 0x00000000c5400000|100%| O|  |TAMS 0x00000000c5300000| PB 0x00000000c5300000| Untracked 
|  56|0x00000000c5400000, 0x00000000c5500000, 0x00000000c5500000|100%| O|  |TAMS 0x00000000c5400000| PB 0x00000000c5400000| Untracked 
|  57|0x00000000c5500000, 0x00000000c5600000, 0x00000000c5600000|100%| O|  |TAMS 0x00000000c5500000| PB 0x00000000c5500000| Untracked 
|  58|0x00000000c5600000, 0x00000000c5700000, 0x00000000c5700000|100%| O|  |TAMS 0x00000000c5600000| PB 0x00000000c5600000| Untracked 
|  59|0x00000000c5700000, 0x00000000c5800000, 0x00000000c5800000|100%| O|  |TAMS 0x00000000c5700000| PB 0x00000000c5700000| Untracked 
|  60|0x00000000c5800000, 0x00000000c5900000, 0x00000000c5900000|100%| O|  |TAMS 0x00000000c5800000| PB 0x00000000c5800000| Untracked 
|  61|0x00000000c5900000, 0x00000000c5a00000, 0x00000000c5a00000|100%| O|  |TAMS 0x00000000c5900000| PB 0x00000000c5900000| Untracked 
|  62|0x00000000c5a00000, 0x00000000c5b00000, 0x00000000c5b00000|100%| O|  |TAMS 0x00000000c5a00000| PB 0x00000000c5a00000| Untracked 
|  63|0x00000000c5b00000, 0x00000000c5c00000, 0x00000000c5c00000|100%| O|  |TAMS 0x00000000c5b00000| PB 0x00000000c5b00000| Untracked 
|  64|0x00000000c5c00000, 0x00000000c5d00000, 0x00000000c5d00000|100%| O|  |TAMS 0x00000000c5c00000| PB 0x00000000c5c00000| Untracked 
|  65|0x00000000c5d00000, 0x00000000c5e00000, 0x00000000c5e00000|100%| O|  |TAMS 0x00000000c5d00000| PB 0x00000000c5d00000| Untracked 
|  66|0x00000000c5e00000, 0x00000000c5f00000, 0x00000000c5f00000|100%| O|  |TAMS 0x00000000c5e00000| PB 0x00000000c5e00000| Untracked 
|  67|0x00000000c5f00000, 0x00000000c6000000, 0x00000000c6000000|100%| O|  |TAMS 0x00000000c5f00000| PB 0x00000000c5f00000| Untracked 
|  68|0x00000000c6000000, 0x00000000c6100000, 0x00000000c6100000|100%| O|  |TAMS 0x00000000c6000000| PB 0x00000000c6000000| Untracked 
|  69|0x00000000c6100000, 0x00000000c6200000, 0x00000000c6200000|100%| O|  |TAMS 0x00000000c6100000| PB 0x00000000c6100000| Untracked 
|  70|0x00000000c6200000, 0x00000000c6300000, 0x00000000c6300000|100%| O|  |TAMS 0x00000000c6200000| PB 0x00000000c6200000| Untracked 
|  71|0x00000000c6300000, 0x00000000c6400000, 0x00000000c6400000|100%| O|  |TAMS 0x00000000c6300000| PB 0x00000000c6300000| Untracked 
|  72|0x00000000c6400000, 0x00000000c6500000, 0x00000000c6500000|100%| O|  |TAMS 0x00000000c6400000| PB 0x00000000c6400000| Untracked 
|  73|0x00000000c6500000, 0x00000000c6600000, 0x00000000c6600000|100%| O|  |TAMS 0x00000000c6500000| PB 0x00000000c6500000| Untracked 
|  74|0x00000000c6600000, 0x00000000c6700000, 0x00000000c6700000|100%| O|  |TAMS 0x00000000c6600000| PB 0x00000000c6600000| Untracked 
|  75|0x00000000c6700000, 0x00000000c6800000, 0x00000000c6800000|100%| O|  |TAMS 0x00000000c6700000| PB 0x00000000c6700000| Untracked 
|  76|0x00000000c6800000, 0x00000000c6900000, 0x00000000c6900000|100%| O|  |TAMS 0x00000000c6800000| PB 0x00000000c6800000| Untracked 
|  77|0x00000000c6900000, 0x00000000c6a00000, 0x00000000c6a00000|100%| O|  |TAMS 0x00000000c6900000| PB 0x00000000c6900000| Untracked 
|  78|0x00000000c6a00000, 0x00000000c6b00000, 0x00000000c6b00000|100%| O|  |TAMS 0x00000000c6a00000| PB 0x00000000c6a00000| Untracked 
|  79|0x00000000c6b00000, 0x00000000c6c00000, 0x00000000c6c00000|100%| O|  |TAMS 0x00000000c6b00000| PB 0x00000000c6b00000| Untracked 
|  80|0x00000000c6c00000, 0x00000000c6d00000, 0x00000000c6d00000|100%| O|  |TAMS 0x00000000c6c00000| PB 0x00000000c6c00000| Untracked 
|  81|0x00000000c6d00000, 0x00000000c6e00000, 0x00000000c6e00000|100%| O|  |TAMS 0x00000000c6d00000| PB 0x00000000c6d00000| Untracked 
|  82|0x00000000c6e00000, 0x00000000c6f00000, 0x00000000c6f00000|100%| O|  |TAMS 0x00000000c6e00000| PB 0x00000000c6e00000| Untracked 
|  83|0x00000000c6f00000, 0x00000000c7000000, 0x00000000c7000000|100%| O|  |TAMS 0x00000000c6f00000| PB 0x00000000c6f00000| Untracked 
|  84|0x00000000c7000000, 0x00000000c7100000, 0x00000000c7100000|100%| O|  |TAMS 0x00000000c7000000| PB 0x00000000c7000000| Untracked 
|  85|0x00000000c7100000, 0x00000000c7200000, 0x00000000c7200000|100%| O|  |TAMS 0x00000000c7100000| PB 0x00000000c7100000| Untracked 
|  86|0x00000000c7200000, 0x00000000c7300000, 0x00000000c7300000|100%| O|  |TAMS 0x00000000c7200000| PB 0x00000000c7200000| Untracked 
|  87|0x00000000c7300000, 0x00000000c7400000, 0x00000000c7400000|100%| O|  |TAMS 0x00000000c7300000| PB 0x00000000c7300000| Untracked 
|  88|0x00000000c7400000, 0x00000000c7500000, 0x00000000c7500000|100%| O|  |TAMS 0x00000000c7400000| PB 0x00000000c7400000| Untracked 
|  89|0x00000000c7500000, 0x00000000c7600000, 0x00000000c7600000|100%| O|  |TAMS 0x00000000c7500000| PB 0x00000000c7500000| Untracked 
|  90|0x00000000c7600000, 0x00000000c7700000, 0x00000000c7700000|100%| O|  |TAMS 0x00000000c7600000| PB 0x00000000c7600000| Untracked 
|  91|0x00000000c7700000, 0x00000000c7800000, 0x00000000c7800000|100%| O|  |TAMS 0x00000000c7700000| PB 0x00000000c7700000| Untracked 
|  92|0x00000000c7800000, 0x00000000c7900000, 0x00000000c7900000|100%| O|  |TAMS 0x00000000c7800000| PB 0x00000000c7800000| Untracked 
|  93|0x00000000c7900000, 0x00000000c7a00000, 0x00000000c7a00000|100%| O|  |TAMS 0x00000000c7900000| PB 0x00000000c7900000| Untracked 
|  94|0x00000000c7a00000, 0x00000000c7b00000, 0x00000000c7b00000|100%| O|  |TAMS 0x00000000c7a00000| PB 0x00000000c7a00000| Untracked 
|  95|0x00000000c7b00000, 0x00000000c7c00000, 0x00000000c7c00000|100%| O|  |TAMS 0x00000000c7b00000| PB 0x00000000c7b00000| Untracked 
|  96|0x00000000c7c00000, 0x00000000c7d00000, 0x00000000c7d00000|100%| O|  |TAMS 0x00000000c7c00000| PB 0x00000000c7c00000| Untracked 
|  97|0x00000000c7d00000, 0x00000000c7e00000, 0x00000000c7e00000|100%| O|  |TAMS 0x00000000c7d00000| PB 0x00000000c7d00000| Untracked 
|  98|0x00000000c7e00000, 0x00000000c7f00000, 0x00000000c7f00000|100%| O|  |TAMS 0x00000000c7e00000| PB 0x00000000c7e00000| Untracked 
|  99|0x00000000c7f00000, 0x00000000c8000000, 0x00000000c8000000|100%| O|  |TAMS 0x00000000c7f00000| PB 0x00000000c7f00000| Untracked 
| 100|0x00000000c8000000, 0x00000000c8100000, 0x00000000c8100000|100%| O|  |TAMS 0x00000000c8000000| PB 0x00000000c8000000| Untracked 
| 101|0x00000000c8100000, 0x00000000c8200000, 0x00000000c8200000|100%| O|  |TAMS 0x00000000c8100000| PB 0x00000000c8100000| Untracked 
| 102|0x00000000c8200000, 0x00000000c8300000, 0x00000000c8300000|100%| O|  |TAMS 0x00000000c8200000| PB 0x00000000c8200000| Untracked 
| 103|0x00000000c8300000, 0x00000000c8400000, 0x00000000c8400000|100%| O|  |TAMS 0x00000000c8300000| PB 0x00000000c8300000| Untracked 
| 104|0x00000000c8400000, 0x00000000c8500000, 0x00000000c8500000|100%| O|  |TAMS 0x00000000c8400000| PB 0x00000000c8400000| Untracked 
| 105|0x00000000c8500000, 0x00000000c8600000, 0x00000000c8600000|100%| O|  |TAMS 0x00000000c8500000| PB 0x00000000c8500000| Untracked 
| 106|0x00000000c8600000, 0x00000000c8700000, 0x00000000c8700000|100%| O|  |TAMS 0x00000000c8600000| PB 0x00000000c8600000| Untracked 
| 107|0x00000000c8700000, 0x00000000c8800000, 0x00000000c8800000|100%| O|  |TAMS 0x00000000c8700000| PB 0x00000000c8700000| Untracked 
| 108|0x00000000c8800000, 0x00000000c8900000, 0x00000000c8900000|100%| O|  |TAMS 0x00000000c8800000| PB 0x00000000c8800000| Untracked 
| 109|0x00000000c8900000, 0x00000000c8a00000, 0x00000000c8a00000|100%| O|  |TAMS 0x00000000c8900000| PB 0x00000000c8900000| Untracked 
| 110|0x00000000c8a00000, 0x00000000c8b00000, 0x00000000c8b00000|100%|HS|  |TAMS 0x00000000c8a00000| PB 0x00000000c8a00000| Complete 
| 111|0x00000000c8b00000, 0x00000000c8c00000, 0x00000000c8c00000|100%| O|  |TAMS 0x00000000c8b00000| PB 0x00000000c8b00000| Untracked 
| 112|0x00000000c8c00000, 0x00000000c8d00000, 0x00000000c8d00000|100%| O|  |TAMS 0x00000000c8c00000| PB 0x00000000c8c00000| Untracked 
| 113|0x00000000c8d00000, 0x00000000c8e00000, 0x00000000c8e00000|100%| O|  |TAMS 0x00000000c8d00000| PB 0x00000000c8d00000| Untracked 
| 114|0x00000000c8e00000, 0x00000000c8f00000, 0x00000000c8f00000|100%| O|  |TAMS 0x00000000c8e00000| PB 0x00000000c8e00000| Untracked 
| 115|0x00000000c8f00000, 0x00000000c9000000, 0x00000000c9000000|100%| O|  |TAMS 0x00000000c8f00000| PB 0x00000000c8f00000| Untracked 
| 116|0x00000000c9000000, 0x00000000c9100000, 0x00000000c9100000|100%| O|  |TAMS 0x00000000c9000000| PB 0x00000000c9000000| Untracked 
| 117|0x00000000c9100000, 0x00000000c9200000, 0x00000000c9200000|100%| O|  |TAMS 0x00000000c9100000| PB 0x00000000c9100000| Untracked 
| 118|0x00000000c9200000, 0x00000000c9300000, 0x00000000c9300000|100%| O|  |TAMS 0x00000000c9200000| PB 0x00000000c9200000| Untracked 
| 119|0x00000000c9300000, 0x00000000c9400000, 0x00000000c9400000|100%| O|  |TAMS 0x00000000c9300000| PB 0x00000000c9300000| Untracked 
| 120|0x00000000c9400000, 0x00000000c9500000, 0x00000000c9500000|100%| O|  |TAMS 0x00000000c9400000| PB 0x00000000c9400000| Untracked 
| 121|0x00000000c9500000, 0x00000000c9600000, 0x00000000c9600000|100%| O|  |TAMS 0x00000000c9500000| PB 0x00000000c9500000| Untracked 
| 122|0x00000000c9600000, 0x00000000c9700000, 0x00000000c9700000|100%| O|  |TAMS 0x00000000c9600000| PB 0x00000000c9600000| Untracked 
| 123|0x00000000c9700000, 0x00000000c9800000, 0x00000000c9800000|100%| O|  |TAMS 0x00000000c9700000| PB 0x00000000c9700000| Untracked 
| 124|0x00000000c9800000, 0x00000000c9900000, 0x00000000c9900000|100%| O|  |TAMS 0x00000000c9800000| PB 0x00000000c9800000| Untracked 
| 125|0x00000000c9900000, 0x00000000c9a00000, 0x00000000c9a00000|100%| O|  |TAMS 0x00000000c9900000| PB 0x00000000c9900000| Untracked 
| 126|0x00000000c9a00000, 0x00000000c9b00000, 0x00000000c9b00000|100%| O|  |TAMS 0x00000000c9a00000| PB 0x00000000c9a00000| Untracked 
| 127|0x00000000c9b00000, 0x00000000c9c00000, 0x00000000c9c00000|100%| O|  |TAMS 0x00000000c9b00000| PB 0x00000000c9b00000| Untracked 
| 128|0x00000000c9c00000, 0x00000000c9d00000, 0x00000000c9d00000|100%| O|  |TAMS 0x00000000c9c00000| PB 0x00000000c9c00000| Untracked 
| 129|0x00000000c9d00000, 0x00000000c9e00000, 0x00000000c9e00000|100%| O|  |TAMS 0x00000000c9d00000| PB 0x00000000c9d00000| Untracked 
| 130|0x00000000c9e00000, 0x00000000c9f00000, 0x00000000c9f00000|100%| O|  |TAMS 0x00000000c9e00000| PB 0x00000000c9e00000| Untracked 
| 131|0x00000000c9f00000, 0x00000000ca000000, 0x00000000ca000000|100%| O|  |TAMS 0x00000000c9f00000| PB 0x00000000c9f00000| Untracked 
| 132|0x00000000ca000000, 0x00000000ca100000, 0x00000000ca100000|100%| O|  |TAMS 0x00000000ca000000| PB 0x00000000ca000000| Untracked 
| 133|0x00000000ca100000, 0x00000000ca200000, 0x00000000ca200000|100%| O|  |TAMS 0x00000000ca100000| PB 0x00000000ca100000| Untracked 
| 134|0x00000000ca200000, 0x00000000ca300000, 0x00000000ca300000|100%| O|  |TAMS 0x00000000ca200000| PB 0x00000000ca200000| Untracked 
| 135|0x00000000ca300000, 0x00000000ca400000, 0x00000000ca400000|100%| O|  |TAMS 0x00000000ca300000| PB 0x00000000ca300000| Untracked 
| 136|0x00000000ca400000, 0x00000000ca500000, 0x00000000ca500000|100%| O|  |TAMS 0x00000000ca400000| PB 0x00000000ca400000| Untracked 
| 137|0x00000000ca500000, 0x00000000ca600000, 0x00000000ca600000|100%| O|  |TAMS 0x00000000ca500000| PB 0x00000000ca500000| Untracked 
| 138|0x00000000ca600000, 0x00000000ca700000, 0x00000000ca700000|100%| O|  |TAMS 0x00000000ca600000| PB 0x00000000ca600000| Untracked 
| 139|0x00000000ca700000, 0x00000000ca800000, 0x00000000ca800000|100%| O|  |TAMS 0x00000000ca700000| PB 0x00000000ca700000| Untracked 
| 140|0x00000000ca800000, 0x00000000ca800000, 0x00000000ca900000|  0%| F|  |TAMS 0x00000000ca800000| PB 0x00000000ca800000| Untracked 
| 141|0x00000000ca900000, 0x00000000caa00000, 0x00000000caa00000|100%| O|  |TAMS 0x00000000ca900000| PB 0x00000000ca900000| Untracked 
| 142|0x00000000caa00000, 0x00000000cab00000, 0x00000000cab00000|100%| O|  |TAMS 0x00000000caa00000| PB 0x00000000caa00000| Untracked 
| 143|0x00000000cab00000, 0x00000000cac00000, 0x00000000cac00000|100%| O|  |TAMS 0x00000000cab00000| PB 0x00000000cab00000| Untracked 
| 144|0x00000000cac00000, 0x00000000cad00000, 0x00000000cad00000|100%| O|  |TAMS 0x00000000cac00000| PB 0x00000000cac00000| Untracked 
| 145|0x00000000cad00000, 0x00000000cae00000, 0x00000000cae00000|100%| O|  |TAMS 0x00000000cad00000| PB 0x00000000cad00000| Untracked 
| 146|0x00000000cae00000, 0x00000000caf00000, 0x00000000caf00000|100%| O|  |TAMS 0x00000000cae00000| PB 0x00000000cae00000| Untracked 
| 147|0x00000000caf00000, 0x00000000cb000000, 0x00000000cb000000|100%| O|  |TAMS 0x00000000caf00000| PB 0x00000000caf00000| Untracked 
| 148|0x00000000cb000000, 0x00000000cb100000, 0x00000000cb100000|100%| O|  |TAMS 0x00000000cb000000| PB 0x00000000cb000000| Untracked 
| 149|0x00000000cb100000, 0x00000000cb200000, 0x00000000cb200000|100%| O|  |TAMS 0x00000000cb100000| PB 0x00000000cb100000| Untracked 
| 150|0x00000000cb200000, 0x00000000cb300000, 0x00000000cb300000|100%| O|  |TAMS 0x00000000cb200000| PB 0x00000000cb200000| Untracked 
| 151|0x00000000cb300000, 0x00000000cb400000, 0x00000000cb400000|100%| O|  |TAMS 0x00000000cb300000| PB 0x00000000cb300000| Untracked 
| 152|0x00000000cb400000, 0x00000000cb500000, 0x00000000cb500000|100%| O|  |TAMS 0x00000000cb400000| PB 0x00000000cb400000| Untracked 
| 153|0x00000000cb500000, 0x00000000cb600000, 0x00000000cb600000|100%| O|  |TAMS 0x00000000cb500000| PB 0x00000000cb500000| Untracked 
| 154|0x00000000cb600000, 0x00000000cb700000, 0x00000000cb700000|100%| O|  |TAMS 0x00000000cb600000| PB 0x00000000cb600000| Untracked 
| 155|0x00000000cb700000, 0x00000000cb800000, 0x00000000cb800000|100%| O|  |TAMS 0x00000000cb700000| PB 0x00000000cb700000| Untracked 
| 156|0x00000000cb800000, 0x00000000cb900000, 0x00000000cb900000|100%| O|  |TAMS 0x00000000cb800000| PB 0x00000000cb800000| Untracked 
| 157|0x00000000cb900000, 0x00000000cba00000, 0x00000000cba00000|100%| O|  |TAMS 0x00000000cb900000| PB 0x00000000cb900000| Untracked 
| 158|0x00000000cba00000, 0x00000000cbb00000, 0x00000000cbb00000|100%| O|  |TAMS 0x00000000cba00000| PB 0x00000000cba00000| Untracked 
| 159|0x00000000cbb00000, 0x00000000cbc00000, 0x00000000cbc00000|100%| O|  |TAMS 0x00000000cbb00000| PB 0x00000000cbb00000| Untracked 
| 160|0x00000000cbc00000, 0x00000000cbd00000, 0x00000000cbd00000|100%| O|  |TAMS 0x00000000cbc00000| PB 0x00000000cbc00000| Untracked 
| 161|0x00000000cbd00000, 0x00000000cbe00000, 0x00000000cbe00000|100%| O|  |TAMS 0x00000000cbd00000| PB 0x00000000cbd00000| Untracked 
| 162|0x00000000cbe00000, 0x00000000cbf00000, 0x00000000cbf00000|100%| O|  |TAMS 0x00000000cbe00000| PB 0x00000000cbe00000| Untracked 
| 163|0x00000000cbf00000, 0x00000000cc000000, 0x00000000cc000000|100%| O|  |TAMS 0x00000000cbf00000| PB 0x00000000cbf00000| Untracked 
| 164|0x00000000cc000000, 0x00000000cc100000, 0x00000000cc100000|100%| O|  |TAMS 0x00000000cc000000| PB 0x00000000cc000000| Untracked 
| 165|0x00000000cc100000, 0x00000000cc200000, 0x00000000cc200000|100%| O|  |TAMS 0x00000000cc100000| PB 0x00000000cc100000| Untracked 
| 166|0x00000000cc200000, 0x00000000cc300000, 0x00000000cc300000|100%| O|  |TAMS 0x00000000cc200000| PB 0x00000000cc200000| Untracked 
| 167|0x00000000cc300000, 0x00000000cc400000, 0x00000000cc400000|100%| O|  |TAMS 0x00000000cc300000| PB 0x00000000cc300000| Untracked 
| 168|0x00000000cc400000, 0x00000000cc500000, 0x00000000cc500000|100%| O|  |TAMS 0x00000000cc400000| PB 0x00000000cc400000| Untracked 
| 169|0x00000000cc500000, 0x00000000cc600000, 0x00000000cc600000|100%| O|  |TAMS 0x00000000cc500000| PB 0x00000000cc500000| Untracked 
| 170|0x00000000cc600000, 0x00000000cc64c460, 0x00000000cc700000| 29%| O|  |TAMS 0x00000000cc600000| PB 0x00000000cc600000| Untracked 
| 171|0x00000000cc700000, 0x00000000cc700000, 0x00000000cc800000|  0%| F|  |TAMS 0x00000000cc700000| PB 0x00000000cc700000| Untracked 
| 172|0x00000000cc800000, 0x00000000cc800000, 0x00000000cc900000|  0%| F|  |TAMS 0x00000000cc800000| PB 0x00000000cc800000| Untracked 
| 173|0x00000000cc900000, 0x00000000cc900000, 0x00000000cca00000|  0%| F|  |TAMS 0x00000000cc900000| PB 0x00000000cc900000| Untracked 
| 174|0x00000000cca00000, 0x00000000cca00000, 0x00000000ccb00000|  0%| F|  |TAMS 0x00000000cca00000| PB 0x00000000cca00000| Untracked 
| 175|0x00000000ccb00000, 0x00000000ccb00000, 0x00000000ccc00000|  0%| F|  |TAMS 0x00000000ccb00000| PB 0x00000000ccb00000| Untracked 
| 176|0x00000000ccc00000, 0x00000000ccc00000, 0x00000000ccd00000|  0%| F|  |TAMS 0x00000000ccc00000| PB 0x00000000ccc00000| Untracked 
| 177|0x00000000ccd00000, 0x00000000ccd00000, 0x00000000cce00000|  0%| F|  |TAMS 0x00000000ccd00000| PB 0x00000000ccd00000| Untracked 
| 178|0x00000000cce00000, 0x00000000cce00000, 0x00000000ccf00000|  0%| F|  |TAMS 0x00000000cce00000| PB 0x00000000cce00000| Untracked 
| 179|0x00000000ccf00000, 0x00000000ccf00000, 0x00000000cd000000|  0%| F|  |TAMS 0x00000000ccf00000| PB 0x00000000ccf00000| Untracked 
| 180|0x00000000cd000000, 0x00000000cd000000, 0x00000000cd100000|  0%| F|  |TAMS 0x00000000cd000000| PB 0x00000000cd000000| Untracked 
| 181|0x00000000cd100000, 0x00000000cd100000, 0x00000000cd200000|  0%| F|  |TAMS 0x00000000cd100000| PB 0x00000000cd100000| Untracked 
| 182|0x00000000cd200000, 0x00000000cd200000, 0x00000000cd300000|  0%| F|  |TAMS 0x00000000cd200000| PB 0x00000000cd200000| Untracked 
| 183|0x00000000cd300000, 0x00000000cd300000, 0x00000000cd400000|  0%| F|  |TAMS 0x00000000cd300000| PB 0x00000000cd300000| Untracked 
| 184|0x00000000cd400000, 0x00000000cd400000, 0x00000000cd500000|  0%| F|  |TAMS 0x00000000cd400000| PB 0x00000000cd400000| Untracked 
| 185|0x00000000cd500000, 0x00000000cd500000, 0x00000000cd600000|  0%| F|  |TAMS 0x00000000cd500000| PB 0x00000000cd500000| Untracked 
| 186|0x00000000cd600000, 0x00000000cd600000, 0x00000000cd700000|  0%| F|  |TAMS 0x00000000cd600000| PB 0x00000000cd600000| Untracked 
| 187|0x00000000cd700000, 0x00000000cd700000, 0x00000000cd800000|  0%| F|  |TAMS 0x00000000cd700000| PB 0x00000000cd700000| Untracked 
| 188|0x00000000cd800000, 0x00000000cd800000, 0x00000000cd900000|  0%| F|  |TAMS 0x00000000cd800000| PB 0x00000000cd800000| Untracked 
| 189|0x00000000cd900000, 0x00000000cd900000, 0x00000000cda00000|  0%| F|  |TAMS 0x00000000cd900000| PB 0x00000000cd900000| Untracked 
| 190|0x00000000cda00000, 0x00000000cda00000, 0x00000000cdb00000|  0%| F|  |TAMS 0x00000000cda00000| PB 0x00000000cda00000| Untracked 
| 191|0x00000000cdb00000, 0x00000000cdb00000, 0x00000000cdc00000|  0%| F|  |TAMS 0x00000000cdb00000| PB 0x00000000cdb00000| Untracked 
| 192|0x00000000cdc00000, 0x00000000cdc00000, 0x00000000cdd00000|  0%| F|  |TAMS 0x00000000cdc00000| PB 0x00000000cdc00000| Untracked 
| 193|0x00000000cdd00000, 0x00000000cdd00000, 0x00000000cde00000|  0%| F|  |TAMS 0x00000000cdd00000| PB 0x00000000cdd00000| Untracked 
| 194|0x00000000cde00000, 0x00000000cde00000, 0x00000000cdf00000|  0%| F|  |TAMS 0x00000000cde00000| PB 0x00000000cde00000| Untracked 
| 195|0x00000000cdf00000, 0x00000000cdf00000, 0x00000000ce000000|  0%| F|  |TAMS 0x00000000cdf00000| PB 0x00000000cdf00000| Untracked 
| 196|0x00000000ce000000, 0x00000000ce000000, 0x00000000ce100000|  0%| F|  |TAMS 0x00000000ce000000| PB 0x00000000ce000000| Untracked 
| 197|0x00000000ce100000, 0x00000000ce100000, 0x00000000ce200000|  0%| F|  |TAMS 0x00000000ce100000| PB 0x00000000ce100000| Untracked 
| 198|0x00000000ce200000, 0x00000000ce200000, 0x00000000ce300000|  0%| F|  |TAMS 0x00000000ce200000| PB 0x00000000ce200000| Untracked 
| 199|0x00000000ce300000, 0x00000000ce300000, 0x00000000ce400000|  0%| F|  |TAMS 0x00000000ce300000| PB 0x00000000ce300000| Untracked 
| 200|0x00000000ce400000, 0x00000000ce400000, 0x00000000ce500000|  0%| F|  |TAMS 0x00000000ce400000| PB 0x00000000ce400000| Untracked 
| 201|0x00000000ce500000, 0x00000000ce500000, 0x00000000ce600000|  0%| F|  |TAMS 0x00000000ce500000| PB 0x00000000ce500000| Untracked 
| 202|0x00000000ce600000, 0x00000000ce600000, 0x00000000ce700000|  0%| F|  |TAMS 0x00000000ce600000| PB 0x00000000ce600000| Untracked 
| 203|0x00000000ce700000, 0x00000000ce700000, 0x00000000ce800000|  0%| F|  |TAMS 0x00000000ce700000| PB 0x00000000ce700000| Untracked 
| 204|0x00000000ce800000, 0x00000000ce800000, 0x00000000ce900000|  0%| F|  |TAMS 0x00000000ce800000| PB 0x00000000ce800000| Untracked 
| 205|0x00000000ce900000, 0x00000000ce900000, 0x00000000cea00000|  0%| F|  |TAMS 0x00000000ce900000| PB 0x00000000ce900000| Untracked 
| 206|0x00000000cea00000, 0x00000000cea00000, 0x00000000ceb00000|  0%| F|  |TAMS 0x00000000cea00000| PB 0x00000000cea00000| Untracked 
| 207|0x00000000ceb00000, 0x00000000ceb00000, 0x00000000cec00000|  0%| F|  |TAMS 0x00000000ceb00000| PB 0x00000000ceb00000| Untracked 
| 208|0x00000000cec00000, 0x00000000cec00000, 0x00000000ced00000|  0%| F|  |TAMS 0x00000000cec00000| PB 0x00000000cec00000| Untracked 
| 209|0x00000000ced00000, 0x00000000ced00000, 0x00000000cee00000|  0%| F|  |TAMS 0x00000000ced00000| PB 0x00000000ced00000| Untracked 
| 210|0x00000000cee00000, 0x00000000cee00000, 0x00000000cef00000|  0%| F|  |TAMS 0x00000000cee00000| PB 0x00000000cee00000| Untracked 
| 211|0x00000000cef00000, 0x00000000cef00000, 0x00000000cf000000|  0%| F|  |TAMS 0x00000000cef00000| PB 0x00000000cef00000| Untracked 
| 212|0x00000000cf000000, 0x00000000cf000000, 0x00000000cf100000|  0%| F|  |TAMS 0x00000000cf000000| PB 0x00000000cf000000| Untracked 
| 213|0x00000000cf100000, 0x00000000cf100000, 0x00000000cf200000|  0%| F|  |TAMS 0x00000000cf100000| PB 0x00000000cf100000| Untracked 
| 214|0x00000000cf200000, 0x00000000cf200000, 0x00000000cf300000|  0%| F|  |TAMS 0x00000000cf200000| PB 0x00000000cf200000| Untracked 
| 215|0x00000000cf300000, 0x00000000cf300000, 0x00000000cf400000|  0%| F|  |TAMS 0x00000000cf300000| PB 0x00000000cf300000| Untracked 
| 216|0x00000000cf400000, 0x00000000cf400000, 0x00000000cf500000|  0%| F|  |TAMS 0x00000000cf400000| PB 0x00000000cf400000| Untracked 
| 217|0x00000000cf500000, 0x00000000cf500000, 0x00000000cf600000|  0%| F|  |TAMS 0x00000000cf500000| PB 0x00000000cf500000| Untracked 
| 218|0x00000000cf600000, 0x00000000cf600000, 0x00000000cf700000|  0%| F|  |TAMS 0x00000000cf600000| PB 0x00000000cf600000| Untracked 
| 219|0x00000000cf700000, 0x00000000cf700000, 0x00000000cf800000|  0%| F|  |TAMS 0x00000000cf700000| PB 0x00000000cf700000| Untracked 
| 220|0x00000000cf800000, 0x00000000cf800000, 0x00000000cf900000|  0%| F|  |TAMS 0x00000000cf800000| PB 0x00000000cf800000| Untracked 
| 221|0x00000000cf900000, 0x00000000cf900000, 0x00000000cfa00000|  0%| F|  |TAMS 0x00000000cf900000| PB 0x00000000cf900000| Untracked 
| 222|0x00000000cfa00000, 0x00000000cfa00000, 0x00000000cfb00000|  0%| F|  |TAMS 0x00000000cfa00000| PB 0x00000000cfa00000| Untracked 
| 223|0x00000000cfb00000, 0x00000000cfb00000, 0x00000000cfc00000|  0%| F|  |TAMS 0x00000000cfb00000| PB 0x00000000cfb00000| Untracked 
| 224|0x00000000cfc00000, 0x00000000cfc00000, 0x00000000cfd00000|  0%| F|  |TAMS 0x00000000cfc00000| PB 0x00000000cfc00000| Untracked 
| 225|0x00000000cfd00000, 0x00000000cfd00000, 0x00000000cfe00000|  0%| F|  |TAMS 0x00000000cfd00000| PB 0x00000000cfd00000| Untracked 
| 226|0x00000000cfe00000, 0x00000000cfe00000, 0x00000000cff00000|  0%| F|  |TAMS 0x00000000cfe00000| PB 0x00000000cfe00000| Untracked 
| 227|0x00000000cff00000, 0x00000000cff00000, 0x00000000d0000000|  0%| F|  |TAMS 0x00000000cff00000| PB 0x00000000cff00000| Untracked 
| 228|0x00000000d0000000, 0x00000000d0000000, 0x00000000d0100000|  0%| F|  |TAMS 0x00000000d0000000| PB 0x00000000d0000000| Untracked 
| 229|0x00000000d0100000, 0x00000000d0100000, 0x00000000d0200000|  0%| F|  |TAMS 0x00000000d0100000| PB 0x00000000d0100000| Untracked 
| 230|0x00000000d0200000, 0x00000000d0200000, 0x00000000d0300000|  0%| F|  |TAMS 0x00000000d0200000| PB 0x00000000d0200000| Untracked 
| 231|0x00000000d0300000, 0x00000000d0300000, 0x00000000d0400000|  0%| F|  |TAMS 0x00000000d0300000| PB 0x00000000d0300000| Untracked 
| 232|0x00000000d0400000, 0x00000000d0400000, 0x00000000d0500000|  0%| F|  |TAMS 0x00000000d0400000| PB 0x00000000d0400000| Untracked 
| 233|0x00000000d0500000, 0x00000000d0500000, 0x00000000d0600000|  0%| F|  |TAMS 0x00000000d0500000| PB 0x00000000d0500000| Untracked 
| 234|0x00000000d0600000, 0x00000000d063d4e0, 0x00000000d0700000| 23%| E|  |TAMS 0x00000000d0600000| PB 0x00000000d0600000| Complete 
| 235|0x00000000d0700000, 0x00000000d0800000, 0x00000000d0800000|100%| E|CS|TAMS 0x00000000d0700000| PB 0x00000000d0700000| Complete 
| 236|0x00000000d0800000, 0x00000000d0900000, 0x00000000d0900000|100%| E|CS|TAMS 0x00000000d0800000| PB 0x00000000d0800000| Complete 
| 237|0x00000000d0900000, 0x00000000d0a00000, 0x00000000d0a00000|100%| E|CS|TAMS 0x00000000d0900000| PB 0x00000000d0900000| Complete 
| 238|0x00000000d0a00000, 0x00000000d0b00000, 0x00000000d0b00000|100%| E|CS|TAMS 0x00000000d0a00000| PB 0x00000000d0a00000| Complete 
| 239|0x00000000d0b00000, 0x00000000d0c00000, 0x00000000d0c00000|100%| E|CS|TAMS 0x00000000d0b00000| PB 0x00000000d0b00000| Complete 
| 240|0x00000000d0c00000, 0x00000000d0d00000, 0x00000000d0d00000|100%| E|CS|TAMS 0x00000000d0c00000| PB 0x00000000d0c00000| Complete 
| 241|0x00000000d0d00000, 0x00000000d0e00000, 0x00000000d0e00000|100%| E|CS|TAMS 0x00000000d0d00000| PB 0x00000000d0d00000| Complete 
| 242|0x00000000d0e00000, 0x00000000d0f00000, 0x00000000d0f00000|100%| E|CS|TAMS 0x00000000d0e00000| PB 0x00000000d0e00000| Complete 
| 243|0x00000000d0f00000, 0x00000000d1000000, 0x00000000d1000000|100%| E|CS|TAMS 0x00000000d0f00000| PB 0x00000000d0f00000| Complete 
| 244|0x00000000d1000000, 0x00000000d1100000, 0x00000000d1100000|100%| E|CS|TAMS 0x00000000d1000000| PB 0x00000000d1000000| Complete 
| 245|0x00000000d1100000, 0x00000000d1200000, 0x00000000d1200000|100%| E|CS|TAMS 0x00000000d1100000| PB 0x00000000d1100000| Complete 
| 246|0x00000000d1200000, 0x00000000d1300000, 0x00000000d1300000|100%| E|CS|TAMS 0x00000000d1200000| PB 0x00000000d1200000| Complete 
| 247|0x00000000d1300000, 0x00000000d1400000, 0x00000000d1400000|100%| E|CS|TAMS 0x00000000d1300000| PB 0x00000000d1300000| Complete 
| 248|0x00000000d1400000, 0x00000000d1500000, 0x00000000d1500000|100%| E|CS|TAMS 0x00000000d1400000| PB 0x00000000d1400000| Complete 
| 249|0x00000000d1500000, 0x00000000d1600000, 0x00000000d1600000|100%| E|CS|TAMS 0x00000000d1500000| PB 0x00000000d1500000| Complete 
| 250|0x00000000d1600000, 0x00000000d1700000, 0x00000000d1700000|100%| E|CS|TAMS 0x00000000d1600000| PB 0x00000000d1600000| Complete 
| 251|0x00000000d1700000, 0x00000000d1800000, 0x00000000d1800000|100%| E|CS|TAMS 0x00000000d1700000| PB 0x00000000d1700000| Complete 
| 252|0x00000000d1800000, 0x00000000d1900000, 0x00000000d1900000|100%| E|CS|TAMS 0x00000000d1800000| PB 0x00000000d1800000| Complete 
| 253|0x00000000d1900000, 0x00000000d1a00000, 0x00000000d1a00000|100%| E|CS|TAMS 0x00000000d1900000| PB 0x00000000d1900000| Complete 
| 254|0x00000000d1a00000, 0x00000000d1b00000, 0x00000000d1b00000|100%| E|CS|TAMS 0x00000000d1a00000| PB 0x00000000d1a00000| Complete 
| 255|0x00000000d1b00000, 0x00000000d1c00000, 0x00000000d1c00000|100%| E|CS|TAMS 0x00000000d1b00000| PB 0x00000000d1b00000| Complete 
| 256|0x00000000d1c00000, 0x00000000d1d00000, 0x00000000d1d00000|100%| E|CS|TAMS 0x00000000d1c00000| PB 0x00000000d1c00000| Complete 
| 257|0x00000000d1d00000, 0x00000000d1e00000, 0x00000000d1e00000|100%| E|CS|TAMS 0x00000000d1d00000| PB 0x00000000d1d00000| Complete 
| 258|0x00000000d1e00000, 0x00000000d1f00000, 0x00000000d1f00000|100%| E|CS|TAMS 0x00000000d1e00000| PB 0x00000000d1e00000| Complete 
| 259|0x00000000d1f00000, 0x00000000d2000000, 0x00000000d2000000|100%| E|CS|TAMS 0x00000000d1f00000| PB 0x00000000d1f00000| Complete 
| 260|0x00000000d2000000, 0x00000000d2100000, 0x00000000d2100000|100%| E|CS|TAMS 0x00000000d2000000| PB 0x00000000d2000000| Complete 
| 261|0x00000000d2100000, 0x00000000d2200000, 0x00000000d2200000|100%| E|CS|TAMS 0x00000000d2100000| PB 0x00000000d2100000| Complete 
| 262|0x00000000d2200000, 0x00000000d2300000, 0x00000000d2300000|100%| E|CS|TAMS 0x00000000d2200000| PB 0x00000000d2200000| Complete 
| 263|0x00000000d2300000, 0x00000000d2400000, 0x00000000d2400000|100%| E|CS|TAMS 0x00000000d2300000| PB 0x00000000d2300000| Complete 
| 264|0x00000000d2400000, 0x00000000d2500000, 0x00000000d2500000|100%| E|CS|TAMS 0x00000000d2400000| PB 0x00000000d2400000| Complete 
| 265|0x00000000d2500000, 0x00000000d2600000, 0x00000000d2600000|100%| E|CS|TAMS 0x00000000d2500000| PB 0x00000000d2500000| Complete 
| 266|0x00000000d2600000, 0x00000000d2670600, 0x00000000d2700000| 43%| S|CS|TAMS 0x00000000d2600000| PB 0x00000000d2600000| Complete 
| 267|0x00000000d2700000, 0x00000000d2800000, 0x00000000d2800000|100%| E|CS|TAMS 0x00000000d2700000| PB 0x00000000d2700000| Complete 
| 268|0x00000000d2800000, 0x00000000d2900000, 0x00000000d2900000|100%| E|CS|TAMS 0x00000000d2800000| PB 0x00000000d2800000| Complete 
| 269|0x00000000d2900000, 0x00000000d2a00000, 0x00000000d2a00000|100%| E|CS|TAMS 0x00000000d2900000| PB 0x00000000d2900000| Complete 
| 270|0x00000000d2a00000, 0x00000000d2b00000, 0x00000000d2b00000|100%| E|CS|TAMS 0x00000000d2a00000| PB 0x00000000d2a00000| Complete 
| 271|0x00000000d2b00000, 0x00000000d2c00000, 0x00000000d2c00000|100%| E|CS|TAMS 0x00000000d2b00000| PB 0x00000000d2b00000| Complete 
| 272|0x00000000d2c00000, 0x00000000d2d00000, 0x00000000d2d00000|100%| E|CS|TAMS 0x00000000d2c00000| PB 0x00000000d2c00000| Complete 
| 273|0x00000000d2d00000, 0x00000000d2e00000, 0x00000000d2e00000|100%| E|CS|TAMS 0x00000000d2d00000| PB 0x00000000d2d00000| Complete 
| 274|0x00000000d2e00000, 0x00000000d2f00000, 0x00000000d2f00000|100%| E|CS|TAMS 0x00000000d2e00000| PB 0x00000000d2e00000| Complete 
| 275|0x00000000d2f00000, 0x00000000d3000000, 0x00000000d3000000|100%| E|CS|TAMS 0x00000000d2f00000| PB 0x00000000d2f00000| Complete 
| 995|0x00000000fff00000, 0x0000000100000000, 0x0000000100000000|100%| E|CS|TAMS 0x00000000fff00000| PB 0x00000000fff00000| Complete 

Card table byte_map: [0x000002b340190000,0x000002b340390000] _byte_map_base: 0x000002b33fb82000

Marking Bits: (CMBitMap*) 0x000002b3403f01b0
 Bits: [0x000002b357ac0000, 0x000002b358a50000)

Polling page: 0x000002b33e130000

Metaspace:

Usage:
  Non-class:     74.07 MB used.
      Class:      8.37 MB used.
       Both:     82.44 MB used.

Virtual space:
  Non-class space:      128.00 MB reserved,      74.31 MB ( 58%) committed,  2 nodes.
      Class space:        1.00 GB reserved,       8.56 MB ( <1%) committed,  1 nodes.
             Both:        1.12 GB reserved,      82.88 MB (  7%) committed. 

Chunk freelists:
   Non-Class:  5.05 MB
       Class:  7.48 MB
        Both:  12.53 MB

MaxMetaspaceSize: unlimited
CompressedClassSpaceSize: 1.00 GB
Initial GC threshold: 21.00 MB
Current GC threshold: 129.62 MB
CDS: on
 - commit_granule_bytes: 65536.
 - commit_granule_words: 8192.
 - virtual_space_node_default_size: 8388608.
 - enlarge_chunks_in_place: 1.
 - use_allocation_guard: 0.


Internal statistics:

num_allocs_failed_limit: 6.
num_arena_births: 442.
num_arena_deaths: 0.
num_vsnodes_births: 3.
num_vsnodes_deaths: 0.
num_space_committed: 1324.
num_space_uncommitted: 0.
num_chunks_returned_to_freelist: 6.
num_chunks_taken_from_freelist: 3328.
num_chunk_merges: 6.
num_chunk_splits: 2791.
num_chunks_enlarged: 2554.
num_inconsistent_stats: 0.

CodeHeap 'non-profiled nmethods': size=120064Kb used=12567Kb max_used=12567Kb free=107496Kb
 bounds [0x000002b350580000, 0x000002b3511d0000, 0x000002b357ac0000]
CodeHeap 'profiled nmethods': size=120000Kb used=55633Kb max_used=55633Kb free=64366Kb
 bounds [0x000002b348ac0000, 0x000002b34c140000, 0x000002b34fff0000]
CodeHeap 'non-nmethods': size=5696Kb used=1853Kb max_used=1902Kb free=3842Kb
 bounds [0x000002b34fff0000, 0x000002b350260000, 0x000002b350580000]
 total_blobs=15511 nmethods=14689 adapters=722
 compilation: enabled
              stopped_count=0, restarted_count=0
 full_count=0

Compilation events (20 events):
Event: 876.524 Thread 0x000002b34048cd20 20319       4       org.jetbrains.kotlin.types.AbstractTypeApproximator::approximateToSuperType (246 bytes)
Event: 876.526 Thread 0x000002b35adf9580 nmethod 20316 0x000002b34c126910 code [0x000002b34c126c40, 0x000002b34c127dc0]
Event: 876.526 Thread 0x000002b35adf9580 20318       3       org.jetbrains.kotlin.ir.symbols.impl.IrSimpleFunctionSymbolImpl::getOwner (8 bytes)
Event: 876.527 Thread 0x000002b35adf9580 nmethod 20318 0x000002b34a417f10 code [0x000002b34a4180c0, 0x000002b34a418300]
Event: 876.541 Thread 0x000002b35adf9580 20322       3       org.jetbrains.kotlin.backend.jvm.ir.IrInlineReferenceLocator::visitConstructor (13 bytes)
Event: 876.542 Thread 0x000002b35adf9580 nmethod 20322 0x000002b34c128410 code [0x000002b34c128660, 0x000002b34c128f60]
Event: 876.542 Thread 0x000002b35adf9580 20323       3       org.jetbrains.kotlin.backend.jvm.ir.IrInlineReferenceLocator::visitConstructor (8 bytes)
Event: 876.543 Thread 0x000002b35adf9580 nmethod 20323 0x000002b34c129210 code [0x000002b34c129440, 0x000002b34c129b48]
Event: 876.543 Thread 0x000002b35adf9580 20324       3       org.jetbrains.kotlin.ir.expressions.impl.IrStringConcatenationImpl::<init> (51 bytes)
Event: 876.547 Thread 0x000002b35adf9580 nmethod 20324 0x000002b34c129e10 code [0x000002b34c12a060, 0x000002b34c12a980]
Event: 876.547 Thread 0x000002b35adf9580 20325       3       org.jetbrains.kotlin.ir.expressions.IrStringConcatenation::<init> (5 bytes)
Event: 876.548 Thread 0x000002b35adf9580 nmethod 20325 0x000002b34a8d3110 code [0x000002b34a8d32c0, 0x000002b34a8d34e8]
Event: 876.549 Thread 0x000002b35adf9580 20326       3       org.jetbrains.kotlin.backend.common.DeclarationTransformer$Visitor::visitDelegatingConstructorCall (13 bytes)
Event: 876.555 Thread 0x000002b35adf9580 nmethod 20326 0x000002b34c12ad10 code [0x000002b34c12b000, 0x000002b34c12bde0]
Event: 876.555 Thread 0x000002b35adf9580 20327       3       org.jetbrains.kotlin.backend.common.DeclarationTransformer$Visitor::visitDelegatingConstructorCall (7 bytes)
Event: 876.557 Thread 0x000002b35adf9580 nmethod 20327 0x000002b34c12c310 code [0x000002b34c12c600, 0x000002b34c12d280]
Event: 876.577 Thread 0x000002b35adf9580 20328       3       org.jetbrains.kotlin.backend.jvm.lower.UniqueLoopLabelsLowering$lower$1::visitConstructorCall (13 bytes)
Event: 876.580 Thread 0x000002b35adf9580 nmethod 20328 0x000002b34c12d710 code [0x000002b34c12da00, 0x000002b34c12e7e0]
Event: 876.580 Thread 0x000002b35adf9580 20329       3       org.jetbrains.kotlin.backend.jvm.lower.UniqueLoopLabelsLowering$lower$1::visitConstructorCall (7 bytes)
Event: 876.582 Thread 0x000002b35adf9580 nmethod 20329 0x000002b34c12ed10 code [0x000002b34c12f000, 0x000002b34c12fc80]

GC Heap History (20 events):
Event: 746.032 GC heap before
{Heap before GC invocations=60 (full 0):
 garbage-first heap   total 249856K, used 169984K [0x00000000c1c00000, 0x0000000100000000)
  region size 1024K, 12 young (12288K), 2 survivors (2048K)
 Metaspace       used 72441K, committed 72768K, reserved 1179648K
  class space    used 7589K, committed 7744K, reserved 1048576K
}
Event: 746.081 GC heap after
{Heap after GC invocations=61 (full 0):
 garbage-first heap   total 249856K, used 163072K [0x00000000c1c00000, 0x0000000100000000)
  region size 1024K, 2 young (2048K), 2 survivors (2048K)
 Metaspace       used 72441K, committed 72768K, reserved 1179648K
  class space    used 7589K, committed 7744K, reserved 1048576K
}
Event: 754.029 GC heap before
{Heap before GC invocations=61 (full 0):
 garbage-first heap   total 249856K, used 173312K [0x00000000c1c00000, 0x0000000100000000)
  region size 1024K, 12 young (12288K), 2 survivors (2048K)
 Metaspace       used 73555K, committed 73856K, reserved 1179648K
  class space    used 7657K, committed 7808K, reserved 1048576K
}
Event: 754.312 GC heap after
{Heap after GC invocations=62 (full 0):
 garbage-first heap   total 249856K, used 165790K [0x00000000c1c00000, 0x0000000100000000)
  region size 1024K, 2 young (2048K), 2 survivors (2048K)
 Metaspace       used 73555K, committed 73856K, reserved 1179648K
  class space    used 7657K, committed 7808K, reserved 1048576K
}
Event: 771.022 GC heap before
{Heap before GC invocations=62 (full 0):
 garbage-first heap   total 249856K, used 199582K [0x00000000c1c00000, 0x0000000100000000)
  region size 1024K, 35 young (35840K), 2 survivors (2048K)
 Metaspace       used 74563K, committed 74880K, reserved 1179648K
  class space    used 7722K, committed 7872K, reserved 1048576K
}
Event: 771.050 GC heap after
{Heap after GC invocations=63 (full 0):
 garbage-first heap   total 249856K, used 166188K [0x00000000c1c00000, 0x0000000100000000)
  region size 1024K, 2 young (2048K), 2 survivors (2048K)
 Metaspace       used 74563K, committed 74880K, reserved 1179648K
  class space    used 7722K, committed 7872K, reserved 1048576K
}
Event: 782.218 GC heap before
{Heap before GC invocations=63 (full 0):
 garbage-first heap   total 249856K, used 206124K [0x00000000c1c00000, 0x0000000100000000)
  region size 1024K, 41 young (41984K), 2 survivors (2048K)
 Metaspace       used 77750K, committed 78144K, reserved 1179648K
  class space    used 8030K, committed 8192K, reserved 1048576K
}
Event: 782.306 GC heap after
{Heap after GC invocations=64 (full 0):
 garbage-first heap   total 249856K, used 168619K [0x00000000c1c00000, 0x0000000100000000)
  region size 1024K, 5 young (5120K), 5 survivors (5120K)
 Metaspace       used 77750K, committed 78144K, reserved 1179648K
  class space    used 8030K, committed 8192K, reserved 1048576K
}
Event: 788.505 GC heap before
{Heap before GC invocations=64 (full 0):
 garbage-first heap   total 249856K, used 180907K [0x00000000c1c00000, 0x0000000100000000)
  region size 1024K, 17 young (17408K), 5 survivors (5120K)
 Metaspace       used 79152K, committed 79552K, reserved 1179648K
  class space    used 8171K, committed 8320K, reserved 1048576K
}
Event: 788.668 GC heap after
{Heap after GC invocations=65 (full 0):
 garbage-first heap   total 249856K, used 169228K [0x00000000c1c00000, 0x0000000100000000)
  region size 1024K, 1 young (1024K), 1 survivors (1024K)
 Metaspace       used 79152K, committed 79552K, reserved 1179648K
  class space    used 8171K, committed 8320K, reserved 1048576K
}
Event: 803.807 GC heap before
{Heap before GC invocations=66 (full 0):
 garbage-first heap   total 283648K, used 227596K [0x00000000c1c00000, 0x0000000100000000)
  region size 1024K, 59 young (60416K), 1 survivors (1024K)
 Metaspace       used 82557K, committed 83008K, reserved 1179648K
  class space    used 8446K, committed 8640K, reserved 1048576K
}
Event: 803.828 GC heap after
{Heap after GC invocations=67 (full 0):
 garbage-first heap   total 283648K, used 172001K [0x00000000c1c00000, 0x0000000100000000)
  region size 1024K, 4 young (4096K), 4 survivors (4096K)
 Metaspace       used 82557K, committed 83008K, reserved 1179648K
  class space    used 8446K, committed 8640K, reserved 1048576K
}
Event: 806.996 GC heap before
{Heap before GC invocations=67 (full 0):
 garbage-first heap   total 283648K, used 181217K [0x00000000c1c00000, 0x0000000100000000)
  region size 1024K, 13 young (13312K), 4 survivors (4096K)
 Metaspace       used 82821K, committed 83200K, reserved 1179648K
  class space    used 8459K, committed 8640K, reserved 1048576K
}
Event: 807.062 GC heap after
{Heap after GC invocations=68 (full 0):
 garbage-first heap   total 283648K, used 171535K [0x00000000c1c00000, 0x0000000100000000)
  region size 1024K, 1 young (1024K), 1 survivors (1024K)
 Metaspace       used 82821K, committed 83200K, reserved 1179648K
  class space    used 8459K, committed 8640K, reserved 1048576K
}
Event: 818.678 GC heap before
{Heap before GC invocations=68 (full 0):
 garbage-first heap   total 283648K, used 209423K [0x00000000c1c00000, 0x0000000100000000)
  region size 1024K, 38 young (38912K), 1 survivors (1024K)
 Metaspace       used 83499K, committed 83840K, reserved 1179648K
  class space    used 8508K, committed 8640K, reserved 1048576K
}
Event: 818.700 GC heap after
{Heap after GC invocations=69 (full 0):
 garbage-first heap   total 283648K, used 172519K [0x00000000c1c00000, 0x0000000100000000)
  region size 1024K, 2 young (2048K), 2 survivors (2048K)
 Metaspace       used 83499K, committed 83840K, reserved 1179648K
  class space    used 8508K, committed 8640K, reserved 1048576K
}
Event: 839.792 GC heap before
{Heap before GC invocations=69 (full 0):
 garbage-first heap   total 283648K, used 209383K [0x00000000c1c00000, 0x0000000100000000)
  region size 1024K, 38 young (38912K), 2 survivors (2048K)
 Metaspace       used 83772K, committed 84160K, reserved 1179648K
  class space    used 8532K, committed 8704K, reserved 1048576K
}
Event: 840.358 GC heap after
{Heap after GC invocations=70 (full 0):
 garbage-first heap   total 283648K, used 173672K [0x00000000c1c00000, 0x0000000100000000)
  region size 1024K, 3 young (3072K), 3 survivors (3072K)
 Metaspace       used 83772K, committed 84160K, reserved 1179648K
  class space    used 8532K, committed 8704K, reserved 1048576K
}
Event: 850.046 GC heap before
{Heap before GC invocations=70 (full 0):
 garbage-first heap   total 283648K, used 183912K [0x00000000c1c00000, 0x0000000100000000)
  region size 1024K, 13 young (13312K), 3 survivors (3072K)
 Metaspace       used 83910K, committed 84288K, reserved 1179648K
  class space    used 8537K, committed 8704K, reserved 1048576K
}
Event: 850.118 GC heap after
{Heap after GC invocations=71 (full 0):
 garbage-first heap   total 283648K, used 173810K [0x00000000c1c00000, 0x0000000100000000)
  region size 1024K, 1 young (1024K), 1 survivors (1024K)
 Metaspace       used 83910K, committed 84288K, reserved 1179648K
  class space    used 8537K, committed 8704K, reserved 1048576K
}

Dll operation events (7 events):
Event: 0.024 Loaded shared library C:\Program Files\Eclipse Adoptium\jdk-21.0.7.6-hotspot\bin\java.dll
Event: 2.887 Loaded shared library C:\Program Files\Eclipse Adoptium\jdk-21.0.7.6-hotspot\bin\jsvml.dll
Event: 4.582 Loaded shared library C:\Program Files\Eclipse Adoptium\jdk-21.0.7.6-hotspot\bin\net.dll
Event: 4.630 Loaded shared library C:\Program Files\Eclipse Adoptium\jdk-21.0.7.6-hotspot\bin\nio.dll
Event: 6.970 Loaded shared library C:\Program Files\Eclipse Adoptium\jdk-21.0.7.6-hotspot\bin\zip.dll
Event: 8.115 Loaded shared library C:\Program Files\Eclipse Adoptium\jdk-21.0.7.6-hotspot\bin\jimage.dll
Event: 69.808 Loaded shared library C:\Program Files\Eclipse Adoptium\jdk-21.0.7.6-hotspot\bin\verify.dll

Deoptimization events (20 events):
Event: 866.502 Thread 0x000002b33e289fd0 Uncommon trap: trap_request=0xffffffc6 fr.pc=0x000002b350f1b2ac relative=0x00000000000003cc
Event: 866.502 Thread 0x000002b33e289fd0 Uncommon trap: reason=bimorphic_or_optimized_type_check action=maybe_recompile pc=0x000002b350f1b2ac method=org.jetbrains.kotlin.types.model.TypeSystemContext.typeConstructor(Lorg/jetbrains/kotlin/types/model/KotlinTypeMarker;)Lorg/jetbrains/kotlin/types/
Event: 866.502 Thread 0x000002b33e289fd0 DEOPT PACKING pc=0x000002b350f1b2ac sp=0x000000e4d9efcce0
Event: 866.502 Thread 0x000002b33e289fd0 DEOPT UNPACKING pc=0x000002b3500446a2 sp=0x000000e4d9efcc80 mode 2
Event: 866.503 Thread 0x000002b33e289fd0 Uncommon trap: trap_request=0xffffffde fr.pc=0x000002b350c4e660 relative=0x00000000000000c0
Event: 866.503 Thread 0x000002b33e289fd0 Uncommon trap: reason=class_check action=maybe_recompile pc=0x000002b350c4e660 method=org.jetbrains.kotlin.util.NullableArrayMapAccessor.getValue(Ljava/lang/Object;Lkotlin/reflect/KProperty;)Ljava/lang/Object; @ 2 c2
Event: 866.503 Thread 0x000002b33e289fd0 DEOPT PACKING pc=0x000002b350c4e660 sp=0x000000e4d9efc9e0
Event: 866.503 Thread 0x000002b33e289fd0 DEOPT UNPACKING pc=0x000002b3500446a2 sp=0x000000e4d9efc978 mode 2
Event: 866.509 Thread 0x000002b33e289fd0 Uncommon trap: trap_request=0xffffffde fr.pc=0x000002b350c4e660 relative=0x00000000000000c0
Event: 866.509 Thread 0x000002b33e289fd0 Uncommon trap: reason=class_check action=maybe_recompile pc=0x000002b350c4e660 method=org.jetbrains.kotlin.util.NullableArrayMapAccessor.getValue(Ljava/lang/Object;Lkotlin/reflect/KProperty;)Ljava/lang/Object; @ 2 c2
Event: 866.509 Thread 0x000002b33e289fd0 DEOPT PACKING pc=0x000002b350c4e660 sp=0x000000e4d9efc9e0
Event: 866.510 Thread 0x000002b33e289fd0 DEOPT UNPACKING pc=0x000002b3500446a2 sp=0x000000e4d9efc978 mode 2
Event: 874.754 Thread 0x000002b33e289fd0 Uncommon trap: trap_request=0xffffff45 fr.pc=0x000002b35084f3d4 relative=0x0000000000000134
Event: 874.754 Thread 0x000002b33e289fd0 Uncommon trap: reason=unstable_if action=reinterpret pc=0x000002b35084f3d4 method=java.util.ArrayList.indexOfRange(Ljava/lang/Object;II)I @ 16 c2
Event: 874.754 Thread 0x000002b33e289fd0 DEOPT PACKING pc=0x000002b35084f3d4 sp=0x000000e4d9efd310
Event: 874.754 Thread 0x000002b33e289fd0 DEOPT UNPACKING pc=0x000002b3500446a2 sp=0x000000e4d9efd1b8 mode 2
Event: 874.757 Thread 0x000002b33e289fd0 Uncommon trap: trap_request=0xffffff45 fr.pc=0x000002b350ab2c1c relative=0x00000000000000fc
Event: 874.757 Thread 0x000002b33e289fd0 Uncommon trap: reason=unstable_if action=reinterpret pc=0x000002b350ab2c1c method=java.util.ArrayList.indexOfRange(Ljava/lang/Object;II)I @ 16 c2
Event: 874.757 Thread 0x000002b33e289fd0 DEOPT PACKING pc=0x000002b350ab2c1c sp=0x000000e4d9efd290
Event: 874.757 Thread 0x000002b33e289fd0 DEOPT UNPACKING pc=0x000002b3500446a2 sp=0x000000e4d9efd1b0 mode 2

Classes loaded (20 events):
Event: 198.770 Loading class java/lang/Character$UnicodeBlock
Event: 198.774 Loading class java/lang/Character$Subset
Event: 198.774 Loading class java/lang/Character$Subset done
Event: 198.775 Loading class java/lang/Character$UnicodeBlock done
Event: 201.246 Loading class java/util/RegularEnumSet$EnumSetIterator
Event: 201.418 Loading class java/util/RegularEnumSet$EnumSetIterator done
Event: 229.850 Loading class java/security/CodeSigner
Event: 229.853 Loading class java/security/CodeSigner done
Event: 230.156 Loading class java/util/AbstractList$RandomAccessSubList
Event: 230.160 Loading class java/util/AbstractList$RandomAccessSubList done
Event: 233.289 Loading class java/lang/Byte$ByteCache
Event: 233.417 Loading class java/lang/Byte$ByteCache done
Event: 279.040 Loading class java/lang/Short$ShortCache
Event: 279.048 Loading class java/lang/Short$ShortCache done
Event: 461.654 Loading class java/text/MessageFormat
Event: 461.669 Loading class java/text/MessageFormat done
Event: 464.890 Loading class java/text/ChoiceFormat
Event: 464.894 Loading class java/text/ChoiceFormat done
Event: 802.342 Loading class java/util/Formatter$FixedString
Event: 802.381 Loading class java/util/Formatter$FixedString done

Classes unloaded (0 events):
No events

Classes redefined (0 events):
No events

Internal exceptions (20 events):
Event: 614.905 Thread 0x000002b33e289fd0 Exception <a 'java/lang/NoSuchMethodError'{0x00000000ccc45c88}: 'java.lang.Object java.lang.invoke.DirectMethodHandle$Holder.invokeStatic(java.lang.Object, java.lang.Object, int, int)'> (0x00000000ccc45c88) 
thrown [s\src\hotspot\share\interpreter\linkResolver.cpp, line 773]
Event: 614.909 Thread 0x000002b33e289fd0 Exception <a 'java/lang/NoSuchMethodError'{0x00000000ccc4c5b0}: 'java.lang.Object java.lang.invoke.DirectMethodHandle$Holder.newInvokeSpecial(java.lang.Object, java.lang.Object, int, int)'> (0x00000000ccc4c5b0) 
thrown [s\src\hotspot\share\interpreter\linkResolver.cpp, line 773]
Event: 614.911 Thread 0x000002b33e289fd0 Exception <a 'java/lang/NoSuchMethodError'{0x00000000ccc50ac8}: 'java.lang.Object java.lang.invoke.DirectMethodHandle$Holder.invokeSpecial(java.lang.Object, java.lang.Object, java.lang.Object, int, int)'> (0x00000000ccc50ac8) 
thrown [s\src\hotspot\share\interpreter\linkResolver.cpp, line 773]
Event: 614.914 Thread 0x000002b33e289fd0 Exception <a 'java/lang/NoSuchMethodError'{0x00000000ccc546a0}: 'java.lang.Object java.lang.invoke.Invokers$Holder.linkToTargetMethod(java.lang.Object, int, int, java.lang.Object)'> (0x00000000ccc546a0) 
thrown [s\src\hotspot\share\interpreter\linkResolver.cpp, line 773]
Event: 615.641 Thread 0x000002b33e289fd0 Exception <a 'java/lang/NoSuchMethodError'{0x00000000cccab6c8}: 'java.lang.Object java.lang.invoke.DirectMethodHandle$Holder.invokeStatic(java.lang.Object, java.lang.Object, java.lang.Object, int, int)'> (0x00000000cccab6c8) 
thrown [s\src\hotspot\share\interpreter\linkResolver.cpp, line 773]
Event: 674.288 Thread 0x000002b33e289fd0 Implicit null exception at 0x000002b350bf71d8 to 0x000002b350bf724d
Event: 741.061 Thread 0x000002b33e289fd0 Implicit null exception at 0x000002b3506c791b to 0x000002b3506c8300
Event: 741.062 Thread 0x000002b33e289fd0 Implicit null exception at 0x000002b350647874 to 0x000002b350647916
Event: 761.670 Thread 0x000002b33e289fd0 Implicit null exception at 0x000002b350604d98 to 0x000002b3506055c8
Event: 775.835 Thread 0x000002b33e289fd0 Exception <a 'java/lang/NoSuchMethodError'{0x00000000cf8f4198}: 'java.lang.Object java.lang.invoke.DirectMethodHandle$Holder.newInvokeSpecial(java.lang.Object, int, java.lang.Object, int)'> (0x00000000cf8f4198) 
thrown [s\src\hotspot\share\interpreter\linkResolver.cpp, line 773]
Event: 775.836 Thread 0x000002b33e289fd0 Exception <a 'java/lang/NoSuchMethodError'{0x00000000cf8f7fc0}: 'java.lang.Object java.lang.invoke.DirectMethodHandle$Holder.invokeSpecial(java.lang.Object, java.lang.Object, int, java.lang.Object, int)'> (0x00000000cf8f7fc0) 
thrown [s\src\hotspot\share\interpreter\linkResolver.cpp, line 773]
Event: 781.156 Thread 0x000002b33e289fd0 Implicit null exception at 0x000002b350e9224f to 0x000002b350e952b4
Event: 804.961 Thread 0x000002b33e289fd0 Implicit null exception at 0x000002b350aea782 to 0x000002b350aeb6d0
Event: 826.156 Thread 0x000002b33e289fd0 Exception <a 'java/lang/NoSuchMethodError'{0x00000000d23eec88}: 'java.lang.Object java.lang.invoke.DirectMethodHandle$Holder.newInvokeSpecial(java.lang.Object, java.lang.Object, java.lang.Object, int, int, java.lang.Object)'> (0x00000000d23eec88) 
thrown [s\src\hotspot\share\interpreter\linkResolver.cpp, line 773]
Event: 826.160 Thread 0x000002b33e289fd0 Exception <a 'java/lang/NoSuchMethodError'{0x00000000d23f6370}: 'java.lang.Object java.lang.invoke.Invokers$Holder.linkToTargetMethod(java.lang.Object, java.lang.Object, int, int, java.lang.Object, java.lang.Object)'> (0x00000000d23f6370) 
thrown [s\src\hotspot\share\interpreter\linkResolver.cpp, line 773]
Event: 842.398 Thread 0x000002b33e289fd0 Exception <a 'java/lang/NoSuchMethodError'{0x00000000fffbfc68}: 'java.lang.Object java.lang.invoke.DirectMethodHandle$Holder.newInvokeSpecial(java.lang.Object, java.lang.Object, java.lang.Object, java.lang.Object, java.lang.Object, java.lang.Object, java.lang.Object, java.lang.Object)'> (0x00000000fffbfc68) 
thrown [s\src\hotspot\share\interpreter\linkResolver.cpp, line 773]
Event: 860.569 Thread 0x000002b33e289fd0 Exception <a 'java/lang/NoSuchMethodError'{0x00000000d19386c0}: 'java.lang.Object java.lang.invoke.DirectMethodHandle$Holder.newInvokeSpecial(java.lang.Object, java.lang.Object, java.lang.Object, java.lang.Object, int, java.lang.Object)'> (0x00000000d19386c0) 
thrown [s\src\hotspot\share\interpreter\linkResolver.cpp, line 773]
Event: 860.571 Thread 0x000002b33e289fd0 Exception <a 'java/lang/NoSuchMethodError'{0x00000000d193cce8}: 'java.lang.Object java.lang.invoke.DirectMethodHandle$Holder.invokeSpecial(java.lang.Object, java.lang.Object, java.lang.Object, java.lang.Object, java.lang.Object, int, java.lang.Object)'> (0x00000000d193cce8) 
thrown [s\src\hotspot\share\interpreter\linkResolver.cpp, line 773]
Event: 860.575 Thread 0x000002b33e289fd0 Exception <a 'java/lang/NoSuchMethodError'{0x00000000d1940dd8}: 'java.lang.Object java.lang.invoke.Invokers$Holder.linkToTargetMethod(java.lang.Object, java.lang.Object, java.lang.Object, int, java.lang.Object, java.lang.Object)'> (0x00000000d1940dd8) 
thrown [s\src\hotspot\share\interpreter\linkResolver.cpp, line 773]
Event: 865.521 Thread 0x000002b33e289fd0 Exception <a 'java/lang/NoSuchMethodError'{0x00000000d1826ec8}: 'java.lang.Object java.lang.invoke.DirectMethodHandle$Holder.invokeStatic(java.lang.Object, java.lang.Object, java.lang.Object, java.lang.Object, int, java.lang.Object)'> (0x00000000d1826ec8) 
thrown [s\src\hotspot\share\interpreter\linkResolver.cpp, line 773]

ZGC Phase Switch (0 events):
No events

VM Operations (20 events):
Event: 860.935 Executing VM operation: Cleanup
Event: 863.298 Executing VM operation: Cleanup done
Event: 863.298 Executing VM operation: HandshakeAllThreads (Deoptimize)
Event: 863.298 Executing VM operation: HandshakeAllThreads (Deoptimize) done
Event: 865.558 Executing VM operation: Cleanup
Event: 865.560 Executing VM operation: Cleanup done
Event: 866.574 Executing VM operation: Cleanup
Event: 867.267 Executing VM operation: Cleanup done
Event: 868.286 Executing VM operation: Cleanup
Event: 868.529 Executing VM operation: Cleanup done
Event: 869.550 Executing VM operation: Cleanup
Event: 869.967 Executing VM operation: Cleanup done
Event: 871.000 Executing VM operation: Cleanup
Event: 871.791 Executing VM operation: Cleanup done
Event: 872.817 Executing VM operation: Cleanup
Event: 872.919 Executing VM operation: Cleanup done
Event: 874.000 Executing VM operation: Cleanup
Event: 874.728 Executing VM operation: Cleanup done
Event: 875.755 Executing VM operation: Cleanup
Event: 876.511 Executing VM operation: Cleanup done

Memory protections (0 events):
No events

Nmethod flushes (20 events):
Event: 793.736 Thread 0x000002b34046fa90 flushing  nmethod 0x000002b34b83d790
Event: 793.736 Thread 0x000002b34046fa90 flushing  nmethod 0x000002b34b83ed90
Event: 793.736 Thread 0x000002b34046fa90 flushing  nmethod 0x000002b34b865990
Event: 793.736 Thread 0x000002b34046fa90 flushing  nmethod 0x000002b34b866c10
Event: 793.736 Thread 0x000002b34046fa90 flushing  nmethod 0x000002b34b869790
Event: 793.736 Thread 0x000002b34046fa90 flushing  nmethod 0x000002b34b86a290
Event: 793.736 Thread 0x000002b34046fa90 flushing  nmethod 0x000002b34b870490
Event: 793.736 Thread 0x000002b34046fa90 flushing  nmethod 0x000002b34b87e510
Event: 793.736 Thread 0x000002b34046fa90 flushing  nmethod 0x000002b34b87f610
Event: 793.736 Thread 0x000002b34046fa90 flushing  nmethod 0x000002b34b885a90
Event: 793.736 Thread 0x000002b34046fa90 flushing  nmethod 0x000002b34b88be10
Event: 793.736 Thread 0x000002b34046fa90 flushing  nmethod 0x000002b34b8c3810
Event: 793.736 Thread 0x000002b34046fa90 flushing  nmethod 0x000002b34b8cc010
Event: 793.736 Thread 0x000002b34046fa90 flushing  nmethod 0x000002b34b8ff910
Event: 793.736 Thread 0x000002b34046fa90 flushing  nmethod 0x000002b34b902a90
Event: 793.736 Thread 0x000002b34046fa90 flushing  nmethod 0x000002b34b928110
Event: 793.736 Thread 0x000002b34046fa90 flushing  nmethod 0x000002b34b951110
Event: 793.736 Thread 0x000002b34046fa90 flushing  nmethod 0x000002b34b961710
Event: 793.736 Thread 0x000002b34046fa90 flushing  nmethod 0x000002b34b99b510
Event: 793.736 Thread 0x000002b34046fa90 flushing  nmethod 0x000002b34b99ed10

Events (11 events):
Event: 1.839 Thread 0x000002b33e289fd0 Thread added: 0x000002b33e289fd0
Event: 2.880 Thread 0x000002b33e289fd0 Thread added: 0x000002b340485a90
Event: 2.880 Thread 0x000002b33e289fd0 Thread added: 0x000002b340489660
Event: 2.881 Thread 0x000002b33e289fd0 Thread added: 0x000002b34048a0b0
Event: 2.881 Thread 0x000002b33e289fd0 Thread added: 0x000002b34048ab00
Event: 2.881 Thread 0x000002b33e289fd0 Thread added: 0x000002b34048b550
Event: 2.881 Thread 0x000002b33e289fd0 Thread added: 0x000002b34048bfa0
Event: 2.881 Thread 0x000002b33e289fd0 Thread added: 0x000002b34048cd20
Event: 3.187 Thread 0x000002b33e289fd0 Thread added: 0x000002b35adf9580
Event: 4.518 Thread 0x000002b33e289fd0 Thread added: 0x000002b3a00589a0
Event: 4.534 Thread 0x000002b33e289fd0 Thread added: 0x000002b3a005b010


Dynamic libraries:
0x00007ff7d58c0000 - 0x00007ff7d58ce000 	C:\Program Files\Eclipse Adoptium\jdk-21.0.7.6-hotspot\bin\java.exe
0x00007ffd30a20000 - 0x00007ffd30c29000 	C:\Windows\SYSTEM32\ntdll.dll
0x00007ffd2f480000 - 0x00007ffd2f53d000 	C:\Windows\System32\KERNEL32.DLL
0x00007ffd2deb0000 - 0x00007ffd2e234000 	C:\Windows\System32\KERNELBASE.dll
0x00007ffd2e750000 - 0x00007ffd2e861000 	C:\Windows\System32\ucrtbase.dll
0x00007ffd1e230000 - 0x00007ffd1e248000 	C:\Program Files\Eclipse Adoptium\jdk-21.0.7.6-hotspot\bin\jli.dll
0x00007ffd2e870000 - 0x00007ffd2ea1d000 	C:\Windows\System32\USER32.dll
0x00007ffd2e240000 - 0x00007ffd2e266000 	C:\Windows\System32\win32u.dll
0x00007ffd2ea20000 - 0x00007ffd2ea4a000 	C:\Windows\System32\GDI32.dll
0x00007ffd2e270000 - 0x00007ffd2e38e000 	C:\Windows\System32\gdi32full.dll
0x00007ffd2e6b0000 - 0x00007ffd2e74d000 	C:\Windows\System32\msvcp_win.dll
0x00007ffd1c1e0000 - 0x00007ffd1c1fe000 	C:\Program Files\Eclipse Adoptium\jdk-21.0.7.6-hotspot\bin\VCRUNTIME140.dll
0x00007ffd232f0000 - 0x00007ffd23595000 	C:\Windows\WinSxS\amd64_microsoft.windows.common-controls_6595b64144ccf1df_6.0.22000.120_none_9d947278b86cc467\COMCTL32.dll
0x00007ffd2f540000 - 0x00007ffd2f5e3000 	C:\Windows\System32\msvcrt.dll
0x00007ffd2f320000 - 0x00007ffd2f351000 	C:\Windows\System32\IMM32.DLL
0x00007ffd239c0000 - 0x00007ffd239cc000 	C:\Program Files\Eclipse Adoptium\jdk-21.0.7.6-hotspot\bin\vcruntime140_1.dll
0x00007ffd08f80000 - 0x00007ffd0900d000 	C:\Program Files\Eclipse Adoptium\jdk-21.0.7.6-hotspot\bin\msvcp140.dll
0x00007ffcec260000 - 0x00007ffcecff0000 	C:\Program Files\Eclipse Adoptium\jdk-21.0.7.6-hotspot\bin\server\jvm.dll
0x00007ffd2f140000 - 0x00007ffd2f1ee000 	C:\Windows\System32\ADVAPI32.dll
0x00007ffd2eeb0000 - 0x00007ffd2ef4e000 	C:\Windows\System32\sechost.dll
0x00007ffd2f1f0000 - 0x00007ffd2f311000 	C:\Windows\System32\RPCRT4.dll
0x00007ffd2ef50000 - 0x00007ffd2efbf000 	C:\Windows\System32\WS2_32.dll
0x00007ffd2d950000 - 0x00007ffd2d99d000 	C:\Windows\SYSTEM32\POWRPROF.dll
0x00007ffd26950000 - 0x00007ffd26983000 	C:\Windows\SYSTEM32\WINMM.dll
0x00007ffd26320000 - 0x00007ffd2632a000 	C:\Windows\SYSTEM32\VERSION.dll
0x00007ffd2d810000 - 0x00007ffd2d823000 	C:\Windows\SYSTEM32\UMPDC.dll
0x00007ffd2cf20000 - 0x00007ffd2cf38000 	C:\Windows\SYSTEM32\kernel.appcore.dll
0x00007ffd22a20000 - 0x00007ffd22a2a000 	C:\Program Files\Eclipse Adoptium\jdk-21.0.7.6-hotspot\bin\jimage.dll
0x00007ffd1a6f0000 - 0x00007ffd1a911000 	C:\Windows\SYSTEM32\DBGHELP.DLL
0x00007ffd18ee0000 - 0x00007ffd18f11000 	C:\Windows\SYSTEM32\dbgcore.DLL
0x00007ffd2e500000 - 0x00007ffd2e57f000 	C:\Windows\System32\bcryptPrimitives.dll
0x00007ffd1be70000 - 0x00007ffd1be8f000 	C:\Program Files\Eclipse Adoptium\jdk-21.0.7.6-hotspot\bin\java.dll
0x00007ffd2f760000 - 0x00007ffd2ff25000 	C:\Windows\System32\SHELL32.dll
0x00007ffd2bf80000 - 0x00007ffd2c7e2000 	C:\Windows\SYSTEM32\windows.storage.dll
0x00007ffd2ea50000 - 0x00007ffd2edc6000 	C:\Windows\System32\combase.dll
0x00007ffd2be10000 - 0x00007ffd2bf77000 	C:\Windows\SYSTEM32\wintypes.dll
0x00007ffd2f5f0000 - 0x00007ffd2f6da000 	C:\Windows\System32\SHCORE.dll
0x00007ffd308d0000 - 0x00007ffd3092d000 	C:\Windows\System32\shlwapi.dll
0x00007ffd2dde0000 - 0x00007ffd2de05000 	C:\Windows\SYSTEM32\profapi.dll
0x00007ffcf4870000 - 0x00007ffcf4947000 	C:\Program Files\Eclipse Adoptium\jdk-21.0.7.6-hotspot\bin\jsvml.dll
0x00007ffd22a00000 - 0x00007ffd22a10000 	C:\Program Files\Eclipse Adoptium\jdk-21.0.7.6-hotspot\bin\net.dll
0x00007ffd26c20000 - 0x00007ffd26d34000 	C:\Windows\SYSTEM32\WINHTTP.dll
0x00007ffd2d3d0000 - 0x00007ffd2d437000 	C:\Windows\system32\mswsock.dll
0x00007ffd1b310000 - 0x00007ffd1b326000 	C:\Program Files\Eclipse Adoptium\jdk-21.0.7.6-hotspot\bin\nio.dll
0x00007ffd1aa10000 - 0x00007ffd1aa28000 	C:\Program Files\Eclipse Adoptium\jdk-21.0.7.6-hotspot\bin\zip.dll
0x00007ffd212e0000 - 0x00007ffd212f0000 	C:\Program Files\Eclipse Adoptium\jdk-21.0.7.6-hotspot\bin\verify.dll

dbghelp: loaded successfully - version: 4.0.5 - missing functions: none
symbol engine: initialized successfully - sym options: 0x614 - pdb path: .;C:\Program Files\Eclipse Adoptium\jdk-21.0.7.6-hotspot\bin;C:\Windows\SYSTEM32;C:\Windows\WinSxS\amd64_microsoft.windows.common-controls_6595b64144ccf1df_6.0.22000.120_none_9d947278b86cc467;C:\Program Files\Eclipse Adoptium\jdk-21.0.7.6-hotspot\bin\server

VM Arguments:
java_command: org.jetbrains.kotlin.cli.jvm.K2JVMCompiler @D:\BodaGo-Apps\CustomerApp\node_modules\react-native-screens\android\build\20250807_16195649853263358855.compiler.options
java_class_path (initial): C:\Users\Asia\.gradle\caches\modules-2\files-2.1\org.jetbrains.kotlin\kotlin-compiler-embeddable\2.0.21\79346ed53db48b18312a472602eb5c057070c54d\kotlin-compiler-embeddable-2.0.21.jar;C:\Users\Asia\.gradle\caches\modules-2\files-2.1\org.jetbrains.kotlin\kotlin-stdlib\2.0.21\618b539767b4899b4660a83006e052b63f1db551\kotlin-stdlib-2.0.21.jar;C:\Users\Asia\.gradle\caches\modules-2\files-2.1\org.jetbrains.kotlin\kotlin-script-runtime\2.0.21\c9b044380ad41f89aa89aa896c2d32a8c0b2129d\kotlin-script-runtime-2.0.21.jar;C:\Users\Asia\.gradle\caches\modules-2\files-2.1\org.jetbrains.kotlin\kotlin-reflect\1.6.10\1cbe9c92c12a94eea200d23c2bbaedaf3daf5132\kotlin-reflect-1.6.10.jar;C:\Users\Asia\.gradle\caches\modules-2\files-2.1\org.jetbrains.kotlin\kotlin-daemon-embeddable\2.0.21\c9e933b23287de9b5a17e2116b4657bb91aea72c\kotlin-daemon-embeddable-2.0.21.jar;C:\Users\Asia\.gradle\caches\modules-2\files-2.1\org.jetbrains.intellij.deps\trove4j\1.0.20200330\3afb14d5f9ceb459d724e907a21145e8ff394f02\trove4j-1.0.20200330.jar;C:\Users\Asia\.gradle\caches\modules-2\files-2.1\org.jetbrains.kotlinx\kotlinx-coroutines-core-jvm\1.6.4\2c997cd1c0ef33f3e751d3831929aeff1390cb30\kotlinx-coroutines-core-jvm-1.6.4.jar;C:\Users\Asia\.gradle\caches\modules-2\files-2.1\org.jetbrains\annotations\13.0\919f0dfe192fb4e063e7dacadee7f8bb9a2672a9\annotations-13.0.jar
Launcher Type: SUN_STANDARD

[Global flags]
     intx CICompilerCount                          = 2                                         {product} {ergonomic}
     uint ConcGCThreads                            = 1                                         {product} {ergonomic}
     uint G1ConcRefinementThreads                  = 2                                         {product} {ergonomic}
   size_t G1HeapRegionSize                         = 1048576                                   {product} {ergonomic}
    uintx GCDrainStackTargetSize                   = 64                                        {product} {ergonomic}
   size_t InitialHeapSize                          = 67108864                                  {product} {ergonomic}
   size_t MarkStackSize                            = 4194304                                   {product} {ergonomic}
   size_t MaxHeapSize                              = 1044381696                                {product} {ergonomic}
   size_t MaxNewSize                               = 625999872                                 {product} {ergonomic}
   size_t MinHeapDeltaBytes                        = 1048576                                   {product} {ergonomic}
   size_t MinHeapSize                              = 8388608                                   {product} {ergonomic}
    uintx NonNMethodCodeHeapSize                   = 5826188                                {pd product} {ergonomic}
    uintx NonProfiledCodeHeapSize                  = 122916026                              {pd product} {ergonomic}
    uintx ProfiledCodeHeapSize                     = 122916026                              {pd product} {ergonomic}
    uintx ReservedCodeCacheSize                    = 251658240                              {pd product} {ergonomic}
     bool SegmentedCodeCache                       = true                                      {product} {ergonomic}
   size_t SoftMaxHeapSize                          = 1044381696                             {manageable} {ergonomic}
     bool UseCompressedOops                        = true                           {product lp64_product} {ergonomic}
     bool UseG1GC                                  = true                                      {product} {ergonomic}
     bool UseLargePagesIndividualAllocation        = false                                  {pd product} {ergonomic}

Logging:
Log output configuration:
 #0: stdout all=warning uptime,level,tags foldmultilines=false
 #1: stderr all=off uptime,level,tags foldmultilines=false

Environment Variables:
JAVA_HOME=C:\Program Files\Eclipse Adoptium\jdk-21.0.7.6-hotspot
PATH=D:\BodaGo-Apps\CustomerApp\node_modules\.bin;D:\BodaGo-Apps\CustomerApp\android\node_modules\.bin;D:\BodaGo-Apps\CustomerApp\node_modules\.bin;D:\BodaGo-Apps\node_modules\.bin;D:\node_modules\.bin;C:\Users\Asia\AppData\Local\nvm\v24.2.0\node_modules\npm\node_modules\@npmcli\run-script\lib\node-gyp-bin;C:\Program Files\Eclipse Adoptium\jdk-21.0.7.6-hotspot\bin;C:\Windows\system32;C:\Windows;C:\Windows\System32\Wbem;C:\Windows\System32\WindowsPowerShell\v1.0\;C:\Windows\System32\OpenSSH\;C:\Users\Asia\AppData\Local\nvm;C:\nvm4w\nodejs;C:\Program Files\Eclipse Adoptium\jdk-21.0.7.6-hotspot\bin;C:\Program Files\Git\cmd;C:\Program Files\GitHub CLI\;C:\Users\Asia\AppData\Local\Microsoft\WindowsApps;C:\Users\Asia\AppData\Local\Programs\Microsoft VS Code\bin;C:\Users\Asia\AppData\Roaming\npm;C:\Users\Asia\AppData\Local\nvm;C:\nvm4w\nodejs
USERNAME=Asia
OS=Windows_NT
PROCESSOR_IDENTIFIER=AMD64 Family 21 Model 112 Stepping 0, AuthenticAMD
TMP=C:\Users\Asia\AppData\Local\Temp
TEMP=C:\Users\Asia\AppData\Local\Temp




Periodic native trim disabled

---------------  S Y S T E M  ---------------

OS:
 Windows 11 , 64 bit Build 22000 (10.0.22000.2538)
OS uptime: 0 days 14:34 hours

CPU: total 2 (initial active 2) (2 cores per cpu, 1 threads per core) family 21 model 112 stepping 0 microcode 0x0, cx8, cmov, fxsr, mmx, 3dnowpref, sse, sse2, sse3, ssse3, sse4a, sse4.1, sse4.2, popcnt, lzcnt, tsc, tscinvbit, avx, avx2, aes, clmul, bmi1, bmi2, fma, vzeroupper, clflush, rdtscp, f16c
Processor Information for the first 2 processors :
  Max Mhz: 3100, Current Mhz: 2800, Mhz Limit: 2790

Memory: 4k page, system-wide physical 3983M (151M free)
TotalPageFile size 11585M (AvailPageFile size 4M)
current process WorkingSet (physical memory assigned to process): 162M, peak: 437M
current process commit charge ("private bytes"): 570M, peak: 576M

vm_info: OpenJDK 64-Bit Server VM (21.0.7+6-LTS) for windows-amd64 JRE (21.0.7+6-LTS), built on 2025-04-15T00:00:00Z by "admin" with MS VC++ 17.7 (VS2022)

END.
